RD{[V]}->;D{[S], предик};[V];D{[PR], 2-компл};
D{[S], предик}->D{[S]}
D{[S]}->;D{[A], опред};;D{[A], опред};[S];D{[NID], примыкат};
D{[A], опред}->D{[A]}
D{[A]}->[A]

D{[A], опред}->D{[A]}
D{[A]}->[A]

D{[NID], примыкат}->D{[NID]}
D{[NID]}->[NID]

D{[PR], 2-компл}->D{[PR]}
D{[PR]}->[PR];D{[S], предл};
D{[S], предл}->D{[S]}
D{[S]}->[S];D{[PR], атриб};
D{[PR], атриб}->D{[PR]}
D{[PR]}->[PR];D{[S], предл};
D{[S], предл}->D{[S]}
D{[S]}->[S];D{[S], аппоз};
D{[S], аппоз}->D{[S]}
D{[S]}->[S];D{[PR], атриб};
D{[PR], атриб}->D{[PR]}
D{[PR]}->[PR];D{[S], предл};
D{[S], предл}->D{[S]}
D{[S]}->[S];D{[S], 1-компл};
D{[S], 1-компл}->D{[S]}
D{[S]}->[S];D{[CONJ], примыкат};
D{[CONJ], примыкат}->D{[CONJ]}
D{[CONJ]}->[CONJ];D{[V], сравн-союзн};
D{[V], сравн-союзн}->D{[V]}
D{[V]}->;D{[S], предик};;D{[PART], огранич};[V]
D{[S], предик}->D{[S]}
D{[S]}->[S]

D{[PART], огранич}->D{[PART]}
D{[PART]}->[PART]
RD{[V]}->;D{[V], обст};;D{[S], предик};[V];D{[PR], 2-компл};
D{[V], обст}->D{[V]}
D{[V]}->[V];D{[S], 1-компл};;D{[CONJ], сочин};
D{[S], 1-компл}->D{[S]}
D{[S]}->;D{[A], опред};[S];D{[S], квазиагент};
D{[A], опред}->D{[A]}
D{[A]}->[A]

D{[S], квазиагент}->D{[S]}
D{[S]}->[S]

D{[CONJ], сочин}->D{[CONJ]}
D{[CONJ]}->[CONJ];D{[V], соч-союзн};
D{[V], соч-союзн}->D{[V]}
D{[V]}->[V];D{[S], 1-компл};
D{[S], 1-компл}->D{[S]}
D{[S]}->[S];D{[PR], атриб};
D{[PR], атриб}->D{[PR]}
D{[PR]}->[PR];D{[S], предл};
D{[S], предл}->D{[S]}
D{[S]}->[S];D{[CONJ], сочин};
D{[CONJ], сочин}->D{[CONJ]}
D{[CONJ]}->[CONJ];D{[S], соч-союзн};
D{[S], соч-союзн}->D{[S]}
D{[S]}->;D{[A], опред};[S]
D{[A], опред}->D{[A]}
D{[A]}->[A]

D{[S], предик}->D{[S]}
D{[S]}->;D{[A], опред};[S]
D{[A], опред}->D{[A]}
D{[A]}->[A]

D{[PR], 2-компл}->D{[PR]}
D{[PR]}->[PR];D{[S], предл};
D{[S], предл}->D{[S]}
D{[S]}->[S];D{[S], квазиагент};;D{[CONJ], сочин};
D{[S], квазиагент}->D{[S]}
D{[S]}->[S];D{[S], аппоз};
D{[S], аппоз}->D{[S]}
D{[S]}->[S]

D{[CONJ], сочин}->D{[CONJ]}
D{[CONJ]}->[CONJ];D{[S], соч-союзн};
D{[S], соч-союзн}->D{[S]}
D{[S]}->[S];D{[S], аппоз};
D{[S], аппоз}->D{[S]}
D{[S]}->[S]
RD{[V]}->;D{[PR], обст};;D{[CONJ], обст};;D{[S], предик};[V];D{[PR], 1-компл};
D{[PR], обст}->D{[PR]}
D{[PR]}->[PR];D{[NUM], предл};
D{[NUM], предл}->D{[NUM]}
D{[NUM]}->[NUM];D{[S], атриб};
D{[S], атриб}->D{[S]}
D{[S]}->[S]

D{[CONJ], обст}->D{[CONJ]}
D{[CONJ]}->[CONJ];D{[V], подч-союзн};
D{[V], подч-союзн}->D{[V]}
D{[V]}->;D{[S], предик};[V];D{[S], 1-компл};
D{[S], предик}->D{[S]}
D{[S]}->;D{[A], опред};;D{[S], композ};[S]
D{[A], опред}->D{[A]}
D{[A]}->[A]

D{[S], композ}->D{[S]}
D{[S]}->[S]

D{[S], 1-компл}->D{[S]}
D{[S]}->;D{[A], опред};[S];D{[PR], 1-компл};
D{[A], опред}->D{[A]}
D{[A]}->[A]

D{[PR], 1-компл}->D{[PR]}
D{[PR]}->[PR];D{[S], предл};
D{[S], предл}->D{[S]}
D{[S]}->[S];D{[V], опред};
D{[V], опред}->D{[V]}
D{[V]}->[V];D{[PR], 1-компл};
D{[PR], 1-компл}->D{[PR]}
D{[PR]}->[PR];D{[S], предл};
D{[S], предл}->D{[S]}
D{[S]}->[S];D{[V], опред};
D{[V], опред}->D{[V]}
D{[V]}->[V];D{[S], агент};
D{[S], агент}->D{[S]}
D{[S]}->[S]

D{[S], предик}->D{[S]}
D{[S]}->[S]

D{[PR], 1-компл}->D{[PR]}
D{[PR]}->[PR];D{[S], предл};
D{[S], предл}->D{[S]}
D{[S]}->;D{[NUM], количест};;D{[A], опред};[S];D{[S], 1-компл};;D{[V], опред};
D{[NUM], количест}->D{[NUM]}
D{[NUM]}->[NUM]

D{[A], опред}->D{[A]}
D{[A]}->[A]

D{[S], 1-компл}->D{[S]}
D{[S]}->;D{[A], опред};;D{[A], опред};[S]
D{[A], опред}->D{[A]}
D{[A]}->[A]

D{[A], опред}->D{[A]}
D{[A]}->[A]

D{[V], опред}->D{[V]}
D{[V]}->;D{[PR], обст};[V];D{[S], 1-компл};;D{[PR], 2-компл};
D{[PR], обст}->D{[PR]}
D{[PR]}->[PR];D{[S], предл};
D{[S], предл}->D{[S]}
D{[S]}->;D{[A], опред};[S]
D{[A], опред}->D{[A]}
D{[A]}->[A]

D{[S], 1-компл}->D{[S]}
D{[S]}->[S]

D{[PR], 2-компл}->D{[PR]}
D{[PR]}->[PR];D{[S], предл};
D{[S], предл}->D{[S]}
D{[S]}->[S]
RD{[V]}->;D{[S], предик};[V];D{[S], 1-компл};;D{[V], сочин};
D{[S], предик}->D{[S]}
D{[S]}->[S]

D{[S], 1-компл}->D{[S]}
D{[S]}->[S];D{[CONJ], сочин};
D{[CONJ], сочин}->D{[CONJ]}
D{[CONJ]}->[CONJ];D{[S], соч-союзн};
D{[S], соч-союзн}->D{[S]}
D{[S]}->[S]

D{[V], сочин}->D{[V]}
D{[V]}->[V];D{[S], 1-компл};
D{[S], 1-компл}->D{[S]}
D{[S]}->;D{[A], опред};[S];D{[S], квазиагент};
D{[A], опред}->D{[A]}
D{[A]}->[A];D{[A], примыкат};
D{[A], примыкат}->D{[A]}
D{[A]}->[A]

D{[S], квазиагент}->D{[S]}
D{[S]}->;D{[A], опред};[S];D{[S], 1-компл};
D{[A], опред}->D{[A]}
D{[A]}->[A]

D{[S], 1-компл}->D{[S]}
D{[S]}->[S];D{[S], квазиагент};
D{[S], квазиагент}->D{[S]}
D{[S]}->[S]
RD{[V]}->;D{[NUM], предик};[V];D{[S], 1-компл};
D{[NUM], предик}->D{[NUM]}
D{[NUM]}->[NUM];D{[PR], электив};
D{[PR], электив}->D{[PR]}
D{[PR]}->[PR];D{[S], предл};
D{[S], предл}->D{[S]}
D{[S]}->[S]

D{[S], 1-компл}->D{[S]}
D{[S]}->;D{[PART], огранич};;D{[PART], огранич};[S];D{[S], 1-компл};
D{[PART], огранич}->D{[PART]}
D{[PART]}->[PART]

D{[PART], огранич}->D{[PART]}
D{[PART]}->[PART]

D{[S], 1-компл}->D{[S]}
D{[S]}->;D{[A], опред};[S];D{[S], квазиагент};
D{[A], опред}->D{[A]}
D{[A]}->[A]

D{[S], квазиагент}->D{[S]}
D{[S]}->[S];D{[S], 1-компл};
D{[S], 1-компл}->D{[S]}
D{[S]}->[S]
RD{[V]}->;D{[S], предик};[V];D{[V], 1-компл};
D{[S], предик}->D{[S]}
D{[S]}->;D{[A], опред};;D{[A], опред};[S]
D{[A], опред}->D{[A]}
D{[A]}->[A]

D{[A], опред}->D{[A]}
D{[A]}->[A]

D{[V], 1-компл}->D{[V]}
D{[V]}->[V];D{[S], 1-компл};
D{[S], 1-компл}->D{[S]}
D{[S]}->[S]
RD{[ADV]}->[ADV];D{[S], обст};
D{[S], обст}->D{[S]}
D{[S]}->[S];D{[ADV], сочин};
D{[ADV], сочин}->D{[ADV]}
D{[ADV]}->[ADV];D{[CONJ], эксплет};
D{[CONJ], эксплет}->D{[CONJ]}
D{[CONJ]}->[CONJ];D{[V], подч-союзн};
D{[V], подч-союзн}->D{[V]}
D{[V]}->;D{[ADV], 2-компл};[V];D{[PR], 1-компл};
D{[ADV], 2-компл}->D{[ADV]}
D{[ADV]}->;D{[ADV], огранич};[ADV]
D{[ADV], огранич}->D{[ADV]}
D{[ADV]}->[ADV]

D{[PR], 1-компл}->D{[PR]}
D{[PR]}->[PR];D{[S], предл};
D{[S], предл}->D{[S]}
D{[S]}->;D{[A], опред};[S];D{[NID], квазиагент};;D{[V], 1-компл};
D{[A], опред}->D{[A]}
D{[A]}->[A]

D{[NID], квазиагент}->D{[NID]}
D{[NID]}->[NID]

D{[V], 1-компл}->D{[V]}
D{[V]}->[V];D{[S], 1-компл};
D{[S], 1-компл}->D{[S]}
D{[S]}->;D{[A], опред};;D{[A], опред};;D{[A], опред};[S]
D{[A], опред}->D{[A]}
D{[A]}->[A]

D{[A], опред}->D{[A]}
D{[A]}->[A]

D{[A], опред}->D{[A]}
D{[A]}->[A]
RD{[CONJ]}->[CONJ];D{[V], соч-союзн};
D{[V], соч-союзн}->D{[V]}
D{[V]}->;D{[ADV], 2-компл};[V];D{[S], 1-компл};
D{[ADV], 2-компл}->D{[ADV]}
D{[ADV]}->;D{[ADV], огранич};[ADV]
D{[ADV], огранич}->D{[ADV]}
D{[ADV]}->[ADV]

D{[S], 1-компл}->D{[S]}
D{[S]}->[S];D{[S], квазиагент};
D{[S], квазиагент}->D{[S]}
D{[S]}->[S];D{[CONJ], эксплет};
D{[CONJ], эксплет}->D{[CONJ]}
D{[CONJ]}->[CONJ];D{[V], подч-союзн};
D{[V], подч-союзн}->D{[V]}
D{[V]}->;D{[S], предик};[V];D{[ADV], обст};;D{[V], 1-компл};
D{[S], предик}->D{[S]}
D{[S]}->[S]

D{[ADV], обст}->D{[ADV]}
D{[ADV]}->[ADV];D{[CONJ], сочин};
D{[CONJ], сочин}->D{[CONJ]}
D{[CONJ]}->[CONJ];D{[ADV], соч-союзн};
D{[ADV], соч-союзн}->D{[ADV]}
D{[ADV]}->[ADV]

D{[V], 1-компл}->D{[V]}
D{[V]}->[V];D{[PR], 1-компл};
D{[PR], 1-компл}->D{[PR]}
D{[PR]}->[PR];D{[S], предл};
D{[S], предл}->D{[S]}
D{[S]}->[S]
RD{[S]}->;D{[S], предик};[S];D{[S], квазиагент};
D{[S], предик}->D{[S]}
D{[S]}->;D{[S], пролепт};[S]
D{[S], пролепт}->D{[S]}
D{[S]}->;D{[A], опред};[S];D{[S], сочин};
D{[A], опред}->D{[A]}
D{[A]}->[A]

D{[S], сочин}->D{[S]}
D{[S]}->[S];D{[CONJ], сочин};
D{[CONJ], сочин}->D{[CONJ]}
D{[CONJ]}->[CONJ];D{[S], соч-союзн};
D{[S], соч-союзн}->D{[S]}
D{[S]}->[S];D{[V], опред};
D{[V], опред}->D{[V]}
D{[V]}->[V];D{[ADV], 3-компл};
D{[ADV], 3-компл}->D{[ADV]}
D{[ADV]}->[ADV]

D{[S], квазиагент}->D{[S]}
D{[S]}->[S];D{[PR], релят};
D{[PR], релят}->D{[PR]}
D{[PR]}->[PR];D{[S], предл};;D{[S], предик};
D{[S], предл}->D{[S]}
D{[S]}->[S];D{[A], квазиагент};
D{[A], квазиагент}->D{[A]}
D{[A]}->[A];D{[PR], электив};
D{[PR], электив}->D{[PR]}
D{[PR]}->[PR];D{[S], предл};
D{[S], предл}->D{[S]}
D{[S]}->[S]

D{[S], предик}->D{[S]}
D{[S]}->;D{[NUM], количест};[S];D{[CONJ], сочин};
D{[NUM], количест}->D{[NUM]}
D{[NUM]}->[NUM]

D{[CONJ], сочин}->D{[CONJ]}
D{[CONJ]}->[CONJ];D{[S], соч-союзн};
D{[S], соч-союзн}->D{[S]}
D{[S]}->;D{[V], опред};[S]
D{[V], опред}->D{[V]}
D{[V]}->[V]
RD{[S]}->[S];D{[S], квазиагент};
D{[S], квазиагент}->D{[S]}
D{[S]}->;D{[A], опред};[S]
D{[A], опред}->D{[A]}
D{[A]}->[A]
RD{[V]}->;D{[ADV], обст};;D{[PR], 1-компл};[V];D{[S], предик};
D{[ADV], обст}->D{[ADV]}
D{[ADV]}->;D{[ADV], огранич};;D{[S], предл};[ADV]
D{[ADV], огранич}->D{[ADV]}
D{[ADV]}->[ADV]

D{[S], предл}->D{[S]}
D{[S]}->[S];D{[NUM], аппрокс-колич};
D{[NUM], аппрокс-колич}->D{[NUM]}
D{[NUM]}->[NUM];D{[NUM], кратн};
D{[NUM], кратн}->D{[NUM]}
D{[NUM]}->[NUM]

D{[PR], 1-компл}->D{[PR]}
D{[PR]}->[PR];D{[S], предл};
D{[S], предл}->D{[S]}
D{[S]}->[S]

D{[S], предик}->D{[S]}
D{[S]}->;D{[A], опред};[S];D{[V], опред};
D{[A], опред}->D{[A]}
D{[A]}->[A]

D{[V], опред}->D{[V]}
D{[V]}->[V];D{[PR], 1-компл};
D{[PR], 1-компл}->D{[PR]}
D{[PR]}->[PR];D{[S], предл};
D{[S], предл}->D{[S]}
D{[S]}->;D{[NUM], количест};;D{[A], опред};[S];D{[V], релят};
D{[NUM], количест}->D{[NUM]}
D{[NUM]}->[NUM]

D{[A], опред}->D{[A]}
D{[A]}->[A]

D{[V], релят}->D{[V]}
D{[V]}->;D{[PR], 1-компл};[V];D{[S], предик};
D{[PR], 1-компл}->D{[PR]}
D{[PR]}->[PR];D{[S], предл};
D{[S], предл}->D{[S]}
D{[S]}->[S]

D{[S], предик}->D{[S]}
D{[S]}->;D{[NUM], количест};[S]
D{[NUM], количест}->D{[NUM]}
D{[NUM]}->[NUM]
RD{[A]}->;D{[NUM], количест};[A];D{[V], сочин};
D{[NUM], количест}->D{[NUM]}
D{[NUM]}->[NUM]

D{[V], сочин}->D{[V]}
D{[V]}->;D{[NUM], количест};[V];D{[S], сочин};
D{[NUM], количест}->D{[NUM]}
D{[NUM]}->[NUM]

D{[S], сочин}->D{[S]}
D{[S]}->;D{[A], опред};;D{[A], опред};[S];D{[CONJ], сочин};
D{[A], опред}->D{[A]}
D{[A]}->[A]

D{[A], опред}->D{[A]}
D{[A]}->[A]

D{[CONJ], сочин}->D{[CONJ]}
D{[CONJ]}->[CONJ];D{[S], соч-союзн};
D{[S], соч-союзн}->D{[S]}
D{[S]}->;D{[NUM], количест};[S];D{[S], квазиагент};
D{[NUM], количест}->D{[NUM]}
D{[NUM]}->[NUM]

D{[S], квазиагент}->D{[S]}
D{[S]}->;D{[A], композ};[S]
D{[A], композ}->D{[A]}
D{[A]}->[A]
RD{[V]}->;D{[PR], вводн};;D{[PR], присвяз};[V];D{[S], предик};
D{[PR], вводн}->D{[PR]}
D{[PR]}->[PR];D{[S], предл};
D{[S], предл}->D{[S]}
D{[S]}->[S]

D{[PR], присвяз}->D{[PR]}
D{[PR]}->[PR];D{[S], предл};
D{[S], предл}->D{[S]}
D{[S]}->[S];D{[S], квазиагент};
D{[S], квазиагент}->D{[S]}
D{[S]}->;D{[A], опред};[S]
D{[A], опред}->D{[A]}
D{[A]}->[A]

D{[S], предик}->D{[S]}
D{[S]}->;D{[NUM], количест};;D{[A], опред};;D{[A], опред};[S]
D{[NUM], количест}->D{[NUM]}
D{[NUM]}->[NUM]

D{[A], опред}->D{[A]}
D{[A]}->[A]

D{[A], опред}->D{[A]}
D{[A]}->[A]
RD{[S]}->[S];D{[S], квазиагент};
D{[S], квазиагент}->D{[S]}
D{[S]}->;D{[A], опред};[S];D{[S], сочин};
D{[A], опред}->D{[A]}
D{[A]}->[A]

D{[S], сочин}->D{[S]}
D{[S]}->;D{[A], опред};[S];D{[S], сочин};
D{[A], опред}->D{[A]}
D{[A]}->;D{[NUM], количест};[A];D{[A], сочин};
D{[NUM], количест}->D{[NUM]}
D{[NUM]}->[NUM]

D{[A], сочин}->D{[A]}
D{[A]}->;D{[NUM], количест};[A];D{[A], сочин};
D{[NUM], количест}->D{[NUM]}
D{[NUM]}->[NUM]

D{[A], сочин}->D{[A]}
D{[A]}->;D{[NUM], количест};[A]
D{[NUM], количест}->D{[NUM]}
D{[NUM]}->[NUM]

D{[S], сочин}->D{[S]}
D{[S]}->;D{[NUM], количест};;D{[A], опред};[S]
D{[NUM], количест}->D{[NUM]}
D{[NUM]}->[NUM]

D{[A], опред}->D{[A]}
D{[A]}->[A]
RD{[V]}->;D{[S], предик};[V];D{[PR], 1-компл};
D{[S], предик}->D{[S]}
D{[S]}->;D{[A], опред};[S]
D{[A], опред}->D{[A]}
D{[A]}->[A]

D{[PR], 1-компл}->D{[PR]}
D{[PR]}->[PR];D{[S], предл};
D{[S], предл}->D{[S]}
D{[S]}->;D{[V], опред};[S]
D{[V], опред}->D{[V]}
D{[V]}->[V]
RD{[V]}->;D{[PR], 1-компл};[V];D{[S], предик};
D{[PR], 1-компл}->D{[PR]}
D{[PR]}->[PR];D{[S], предл};
D{[S], предл}->D{[S]}
D{[S]}->[S];D{[S], квазиагент};
D{[S], квазиагент}->D{[S]}
D{[S]}->;D{[A], опред};[S]
D{[A], опред}->D{[A]}
D{[A]}->[A]

D{[S], предик}->D{[S]}
D{[S]}->[S]
RD{[V]}->;D{[S], 1-компл};[V];D{[S], предик};
D{[S], 1-компл}->D{[S]}
D{[S]}->[S];D{[ADV], 1-компл};
D{[ADV], 1-компл}->D{[ADV]}
D{[ADV]}->[ADV]

D{[S], предик}->D{[S]}
D{[S]}->;D{[A], опред};[S];D{[S], квазиагент};;D{[A], опред};
D{[A], опред}->D{[A]}
D{[A]}->[A]

D{[S], квазиагент}->D{[S]}
D{[S]}->;D{[A], опред};[S]
D{[A], опред}->D{[A]}
D{[A]}->[A]

D{[A], опред}->D{[A]}
D{[A]}->[A];D{[PR], 1-компл};
D{[PR], 1-компл}->D{[PR]}
D{[PR]}->[PR];D{[S], предл};
D{[S], предл}->D{[S]}
D{[S]}->[S];D{[S], 1-компл};;D{[PR], атриб};;D{[CONJ], сочин};
D{[S], 1-компл}->D{[S]}
D{[S]}->[S]

D{[PR], атриб}->D{[PR]}
D{[PR]}->[PR];D{[S], предл};
D{[S], предл}->D{[S]}
D{[S]}->;D{[A], опред};[S]
D{[A], опред}->D{[A]}
D{[A]}->[A]

D{[CONJ], сочин}->D{[CONJ]}
D{[CONJ]}->[CONJ];D{[S], соч-союзн};
D{[S], соч-союзн}->D{[S]}
D{[S]}->[S];D{[S], 1-компл};;D{[PR], атриб};
D{[S], 1-компл}->D{[S]}
D{[S]}->;D{[A], опред};[S]
D{[A], опред}->D{[A]}
D{[A]}->[A]

D{[PR], атриб}->D{[PR]}
D{[PR]}->[PR];D{[S], предл};
D{[S], предл}->D{[S]}
D{[S]}->[S];D{[S], 1-компл};
D{[S], 1-компл}->D{[S]}
D{[S]}->[S];D{[S], 1-компл};
D{[S], 1-компл}->D{[S]}
D{[S]}->;D{[A], опред};[S]
D{[A], опред}->D{[A]}
D{[A]}->[A]
RD{[V]}->;D{[S], вводн};;D{[S], предик};[V];D{[S], 1-компл};;D{[CONJ], сент-соч};
D{[S], вводн}->D{[S]}
D{[S]}->;D{[A], опред};[S]
D{[A], опред}->D{[A]}
D{[A]}->[A]

D{[S], предик}->D{[S]}
D{[S]}->[S]

D{[S], 1-компл}->D{[S]}
D{[S]}->;D{[NUM], количест};[S];D{[S], квазиагент};
D{[NUM], количест}->D{[NUM]}
D{[NUM]}->[NUM]

D{[S], квазиагент}->D{[S]}
D{[S]}->[S]

D{[CONJ], сент-соч}->D{[CONJ]}
D{[CONJ]}->[CONJ];D{[V], соч-союзн};
D{[V], соч-союзн}->D{[V]}
D{[V]}->;D{[S], предик};[V];D{[PR], 2-компл};
D{[S], предик}->D{[S]}
D{[S]}->[S];D{[S], 1-компл};
D{[S], 1-компл}->D{[S]}
D{[S]}->;D{[A], опред};[S]
D{[A], опред}->D{[A]}
D{[A]}->;D{[PART], огранич};[A]
D{[PART], огранич}->D{[PART]}
D{[PART]}->[PART]

D{[PR], 2-компл}->D{[PR]}
D{[PR]}->[PR];D{[S], предл};
D{[S], предл}->D{[S]}
D{[S]}->;D{[NUM], количест};[S];D{[S], квазиагент};
D{[NUM], количест}->D{[NUM]}
D{[NUM]}->[NUM]

D{[S], квазиагент}->D{[S]}
D{[S]}->[S]
RD{[V]}->;D{[S], 1-компл};[V];D{[S], предик};
D{[S], 1-компл}->D{[S]}
D{[S]}->;D{[A], опред};[S];D{[S], квазиагент};
D{[A], опред}->D{[A]}
D{[A]}->[A]

D{[S], квазиагент}->D{[S]}
D{[S]}->;D{[A], опред};;D{[A], опред};[S];D{[S], квазиагент};
D{[A], опред}->D{[A]}
D{[A]}->[A]

D{[A], опред}->D{[A]}
D{[A]}->[A]

D{[S], квазиагент}->D{[S]}
D{[S]}->[S]

D{[S], предик}->D{[S]}
D{[S]}->[S];D{[S], 1-компл};
D{[S], 1-компл}->D{[S]}
D{[S]}->;D{[A], опред};;D{[A], опред};[S];D{[S], 1-компл};
D{[A], опред}->D{[A]}
D{[A]}->[A]

D{[A], опред}->D{[A]}
D{[A]}->[A]

D{[S], 1-компл}->D{[S]}
D{[S]}->[S];D{[S], квазиагент};
D{[S], квазиагент}->D{[S]}
D{[S]}->[S]
RD{[V]}->;D{[S], предик};[V];D{[PR], 3-компл};;D{[ADV], обст};
D{[S], предик}->D{[S]}
D{[S]}->[S]

D{[PR], 3-компл}->D{[PR]}
D{[PR]}->[PR];D{[S], предл};
D{[S], предл}->D{[S]}
D{[S]}->;D{[A], опред};[S]
D{[A], опред}->D{[A]}
D{[A]}->[A]

D{[ADV], обст}->D{[ADV]}
D{[ADV]}->[ADV];D{[PR], 1-компл};
D{[PR], 1-компл}->D{[PR]}
D{[PR]}->[PR];D{[S], предл};
D{[S], предл}->D{[S]}
D{[S]}->[S];D{[S], 1-компл};
D{[S], 1-компл}->D{[S]}
D{[S]}->[S];D{[S], 1-компл};
D{[S], 1-компл}->D{[S]}
D{[S]}->[S];D{[S], квазиагент};
D{[S], квазиагент}->D{[S]}
D{[S]}->;D{[A], опред};[S];D{[S], сочин};
D{[A], опред}->D{[A]}
D{[A]}->[A]

D{[S], сочин}->D{[S]}
D{[S]}->[S];D{[S], сочин};
D{[S], сочин}->D{[S]}
D{[S]}->[S]
RD{[V]}->;D{[S], предик};[V];D{[S], присвяз};;D{[S], сент-соч};
D{[S], предик}->D{[S]}
D{[S]}->[S]

D{[S], присвяз}->D{[S]}
D{[S]}->[S];D{[PR], 1-компл};
D{[PR], 1-компл}->D{[PR]}
D{[PR]}->[PR];D{[S], предл};
D{[S], предл}->D{[S]}
D{[S]}->;D{[A], опред};;D{[A], опред};[S]
D{[A], опред}->D{[A]}
D{[A]}->[A]

D{[A], опред}->D{[A]}
D{[A]}->[A]

D{[S], сент-соч}->D{[S]}
D{[S]}->[S];D{[A], предик};
D{[A], предик}->D{[A]}
D{[A]}->;D{[S], композ};[A]
D{[S], композ}->D{[S]}
D{[S]}->[S]
RD{[V]}->;D{[ADV], обст};;D{[PR], 1-компл};;D{[ADV], обст};[V];D{[S], предик};
D{[ADV], обст}->D{[ADV]}
D{[ADV]}->[ADV]

D{[PR], 1-компл}->D{[PR]}
D{[PR]}->[PR];D{[S], предл};
D{[S], предл}->D{[S]}
D{[S]}->[S]

D{[ADV], обст}->D{[ADV]}
D{[ADV]}->[ADV]

D{[S], предик}->D{[S]}
D{[S]}->;D{[A], опред};;D{[A], опред};[S]
D{[A], опред}->D{[A]}
D{[A]}->[A]

D{[A], опред}->D{[A]}
D{[A]}->[A]
RD{[V]}->;D{[ADV], обст};[V]
D{[ADV], обст}->D{[ADV]}
D{[ADV]}->;D{[ADV], огранич};[ADV]
D{[ADV], огранич}->D{[ADV]}
D{[ADV]}->[ADV]
RD{[V]}->;D{[S], предик};[V]
D{[S], предик}->D{[S]}
D{[S]}->[S];D{[S], квазиагент};
D{[S], квазиагент}->D{[S]}
D{[S]}->[S]
RD{[V]}->;D{[PR], обст};;D{[S], 1-компл};[V];D{[S], предик};
D{[PR], обст}->D{[PR]}
D{[PR]}->[PR];D{[S], предл};
D{[S], предл}->D{[S]}
D{[S]}->[S];D{[S], квазиагент};
D{[S], квазиагент}->D{[S]}
D{[S]}->[S];D{[S], квазиагент};
D{[S], квазиагент}->D{[S]}
D{[S]}->;D{[A], опред};[S]
D{[A], опред}->D{[A]}
D{[A]}->[A]

D{[S], 1-компл}->D{[S]}
D{[S]}->;D{[A], опред};[S]
D{[A], опред}->D{[A]}
D{[A]}->[A]

D{[S], предик}->D{[S]}
D{[S]}->[S]
RD{[V]}->;D{[S], предик};;D{[ADV], обст};[V];D{[PR], 3-компл};
D{[S], предик}->D{[S]}
D{[S]}->;D{[A], опред};;D{[A], опред};;D{[A], опред};[S];D{[CONJ], сочин};
D{[A], опред}->D{[A]}
D{[A]}->[A]

D{[A], опред}->D{[A]}
D{[A]}->[A]

D{[A], опред}->D{[A]}
D{[A]}->[A]

D{[CONJ], сочин}->D{[CONJ]}
D{[CONJ]}->[CONJ];D{[S], соч-союзн};
D{[S], соч-союзн}->D{[S]}
D{[S]}->[S]

D{[ADV], обст}->D{[ADV]}
D{[ADV]}->[ADV]

D{[PR], 3-компл}->D{[PR]}
D{[PR]}->[PR];D{[S], предл};
D{[S], предл}->D{[S]}
D{[S]}->[S];D{[PR], атриб};
D{[PR], атриб}->D{[PR]}
D{[PR]}->[PR];D{[S], предл};
D{[S], предл}->D{[S]}
D{[S]}->[S];D{[S], квазиагент};
D{[S], квазиагент}->D{[S]}
D{[S]}->[S]
RD{[V]}->[V];D{[PR], 1-компл};
D{[PR], 1-компл}->D{[PR]}
D{[PR]}->[PR];D{[S], предл};
D{[S], предл}->D{[S]}
D{[S]}->[S];D{[CONJ], сочин};
D{[CONJ], сочин}->D{[CONJ]}
D{[CONJ]}->[CONJ];D{[S], соч-союзн};
D{[S], соч-союзн}->D{[S]}
D{[S]}->[S];D{[S], квазиагент};
D{[S], квазиагент}->D{[S]}
D{[S]}->[S];D{[S], квазиагент};
D{[S], квазиагент}->D{[S]}
D{[S]}->[S]
RD{[A]}->;D{[ADV], обст};;D{[S], предик};;D{[ADV], огранич};[A];D{[PR], 1-компл};
D{[ADV], обст}->D{[ADV]}
D{[ADV]}->[ADV]

D{[S], предик}->D{[S]}
D{[S]}->;D{[A], опред};[S]
D{[A], опред}->D{[A]}
D{[A]}->[A]

D{[ADV], огранич}->D{[ADV]}
D{[ADV]}->[ADV]

D{[PR], 1-компл}->D{[PR]}
D{[PR]}->[PR];D{[S], предл};
D{[S], предл}->D{[S]}
D{[S]}->;D{[A], опред};[S]
D{[A], опред}->D{[A]}
D{[A]}->[A]
RD{[V]}->;D{[A], присвяз};[V];D{[PR], предик};
D{[A], присвяз}->D{[A]}
D{[A]}->[A];D{[S], 1-компл};
D{[S], 1-компл}->D{[S]}
D{[S]}->[S];D{[S], аппоз};
D{[S], аппоз}->D{[S]}
D{[S]}->[S]

D{[PR], предик}->D{[PR]}
D{[PR]}->[PR];D{[NUM], предл};;D{[PR], соотнос};
D{[NUM], предл}->D{[NUM]}
D{[NUM]}->[NUM]

D{[PR], соотнос}->D{[PR]}
D{[PR]}->[PR];D{[S], предл};
D{[S], предл}->D{[S]}
D{[S]}->;D{[NUM], количест};[S];D{[S], квазиагент};
D{[NUM], количест}->D{[NUM]}
D{[NUM]}->[NUM]

D{[S], квазиагент}->D{[S]}
D{[S]}->[S];D{[CONJ], сочин};
D{[CONJ], сочин}->D{[CONJ]}
D{[CONJ]}->[CONJ];D{[S], соч-союзн};
D{[S], соч-союзн}->D{[S]}
D{[S]}->[S]
RD{[S]}->[S];D{[S], 1-компл};
D{[S], 1-компл}->D{[S]}
D{[S]}->;D{[A], опред};;D{[A], опред};[S]
D{[A], опред}->D{[A]}
D{[A]}->[A]

D{[A], опред}->D{[A]}
D{[A]}->[A]
RD{[V]}->;D{[S], предик};[V];D{[PR], обст};
D{[S], предик}->D{[S]}
D{[S]}->;D{[A], опред};;D{[A], опред};[S]
D{[A], опред}->D{[A]}
D{[A]}->[A]

D{[A], опред}->D{[A]}
D{[A]}->[A]

D{[PR], обст}->D{[PR]}
D{[PR]}->[PR];D{[S], предл};
D{[S], предл}->D{[S]}
D{[S]}->;D{[NUM], количест};[S]
D{[NUM], количест}->D{[NUM]}
D{[NUM]}->[NUM]
RD{[S]}->[S];D{[S], сочин};
D{[S], сочин}->D{[S]}
D{[S]}->[S];D{[S], сочин};
D{[S], сочин}->D{[S]}
D{[S]}->;D{[A], опред};[S];D{[PR], атриб};
D{[A], опред}->D{[A]}
D{[A]}->[A]

D{[PR], атриб}->D{[PR]}
D{[PR]}->[PR];D{[S], предл};
D{[S], предл}->D{[S]}
D{[S]}->;D{[A], опред};[S]
D{[A], опред}->D{[A]}
D{[A]}->[A]
RD{[CONJ]}->[CONJ];D{[V], соч-союзн};
D{[V], соч-союзн}->D{[V]}
D{[V]}->;D{[PR], обст};;D{[ADV], 2-компл};[V];D{[S], предик};
D{[PR], обст}->D{[PR]}
D{[PR]}->;D{[PART], огранич};[PR];D{[S], предл};
D{[PART], огранич}->D{[PART]}
D{[PART]}->[PART]

D{[S], предл}->D{[S]}
D{[S]}->;D{[A], опред};[S]
D{[A], опред}->D{[A]}
D{[A]}->;D{[A], опред};[A]
D{[A], опред}->D{[A]}
D{[A]}->[A]

D{[ADV], 2-компл}->D{[ADV]}
D{[ADV]}->[ADV]

D{[S], предик}->D{[S]}
D{[S]}->;D{[A], опред};[S]
D{[A], опред}->D{[A]}
D{[A]}->[A]
RD{[A]}->;D{[ADV], огранич};[A];D{[PR], обст};;D{[S], предик};
D{[ADV], огранич}->D{[ADV]}
D{[ADV]}->[ADV]

D{[PR], обст}->D{[PR]}
D{[PR]}->[PR];D{[S], предл};
D{[S], предл}->D{[S]}
D{[S]}->;D{[A], опред};[S]
D{[A], опред}->D{[A]}
D{[A]}->[A]

D{[S], предик}->D{[S]}
D{[S]}->;D{[A], опред};;D{[A], опред};[S];D{[S], квазиагент};
D{[A], опред}->D{[A]}
D{[A]}->[A]

D{[A], опред}->D{[A]}
D{[A]}->[A]

D{[S], квазиагент}->D{[S]}
D{[S]}->[S]
RD{[CONJ]}->[CONJ];D{[V], соч-союзн};
D{[V], соч-союзн}->D{[V]}
D{[V]}->;D{[V], предик};;D{[PART], огранич};[V]
D{[V], предик}->D{[V]}
D{[V]}->;D{[ADV], обст};;D{[ADV], обст};[V];D{[PR], 1-компл};
D{[ADV], обст}->D{[ADV]}
D{[ADV]}->[ADV]

D{[ADV], обст}->D{[ADV]}
D{[ADV]}->[ADV]

D{[PR], 1-компл}->D{[PR]}
D{[PR]}->[PR];D{[S], предл};
D{[S], предл}->D{[S]}
D{[S]}->;D{[A], опред};;D{[S], композ};[S]
D{[A], опред}->D{[A]}
D{[A]}->[A]

D{[S], композ}->D{[S]}
D{[S]}->[S]

D{[PART], огранич}->D{[PART]}
D{[PART]}->[PART]
RD{[V]}->;D{[S], предик};[V];D{[S], 1-компл};;D{[CONJ], сочин};
D{[S], предик}->D{[S]}
D{[S]}->;D{[A], опред};[S]
D{[A], опред}->D{[A]}
D{[A]}->[A]

D{[S], 1-компл}->D{[S]}
D{[S]}->;D{[A], опред};[S]
D{[A], опред}->D{[A]}
D{[A]}->[A]

D{[CONJ], сочин}->D{[CONJ]}
D{[CONJ]}->[CONJ];D{[V], соч-союзн};
D{[V], соч-союзн}->D{[V]}
D{[V]}->[V];D{[V], 1-компл};
D{[V], 1-компл}->D{[V]}
D{[V]}->[V];D{[S], 1-компл};
D{[S], 1-компл}->D{[S]}
D{[S]}->;D{[A], опред};;D{[A], опред};[S]
D{[A], опред}->D{[A]}
D{[A]}->[A]

D{[A], опред}->D{[A]}
D{[A]}->[A]
RD{[A]}->;D{[S], предик};;D{[ADV], огранич};[A];D{[V], сочин};
D{[S], предик}->D{[S]}
D{[S]}->[S]

D{[ADV], огранич}->D{[ADV]}
D{[ADV]}->[ADV]

D{[V], сочин}->D{[V]}
D{[V]}->;D{[ADV], обст};[V];D{[S], 1-компл};;D{[V], сочин};
D{[ADV], обст}->D{[ADV]}
D{[ADV]}->[ADV]

D{[S], 1-компл}->D{[S]}
D{[S]}->[S]

D{[V], сочин}->D{[V]}
D{[V]}->[V];D{[V], 1-компл};
D{[V], 1-компл}->D{[V]}
D{[V]}->[V];D{[PR], 1-компл};
D{[PR], 1-компл}->D{[PR]}
D{[PR]}->[PR];D{[S], предл};
D{[S], предл}->D{[S]}
D{[S]}->;D{[A], опред};[S]
D{[A], опред}->D{[A]}
D{[A]}->[A]
RD{[V]}->;D{[V], обст};;D{[S], предик};[V];D{[A], присвяз};
D{[V], обст}->D{[V]}
D{[V]}->;D{[PART], огранич};[V];D{[S], 1-компл};
D{[PART], огранич}->D{[PART]}
D{[PART]}->[PART]

D{[S], 1-компл}->D{[S]}
D{[S]}->;D{[A], опред};[S]
D{[A], опред}->D{[A]}
D{[A]}->[A]

D{[S], предик}->D{[S]}
D{[S]}->[S];D{[S], квазиагент};
D{[S], квазиагент}->D{[S]}
D{[S]}->[S]

D{[A], присвяз}->D{[A]}
D{[A]}->[A];D{[V], 1-компл};
D{[V], 1-компл}->D{[V]}
D{[V]}->[V];D{[S], 1-компл};;D{[PR], обст};
D{[S], 1-компл}->D{[S]}
D{[S]}->;D{[A], опред};[S];D{[S], квазиагент};
D{[A], опред}->D{[A]}
D{[A]}->[A]

D{[S], квазиагент}->D{[S]}
D{[S]}->[S];D{[CONJ], сочин};
D{[CONJ], сочин}->D{[CONJ]}
D{[CONJ]}->[CONJ];D{[S], соч-союзн};
D{[S], соч-союзн}->D{[S]}
D{[S]}->;D{[A], опред};[S]
D{[A], опред}->D{[A]}
D{[A]}->[A]

D{[PR], обст}->D{[PR]}
D{[PR]}->[PR];D{[S], предл};
D{[S], предл}->D{[S]}
D{[S]}->[S];D{[S], 1-компл};
D{[S], 1-компл}->D{[S]}
D{[S]}->[S];D{[PR], 3-компл};
D{[PR], 3-компл}->D{[PR]}
D{[PR]}->[PR];D{[S], предл};
D{[S], предл}->D{[S]}
D{[S]}->[S];D{[S], квазиагент};
D{[S], квазиагент}->D{[S]}
D{[S]}->;D{[A], опред};[S];D{[S], атриб};
D{[A], опред}->D{[A]}
D{[A]}->[A]

D{[S], атриб}->D{[S]}
D{[S]}->[S]
RD{[S]}->;D{[S], композ};[S];D{[S], квазиагент};
D{[S], композ}->D{[S]}
D{[S]}->[S]

D{[S], квазиагент}->D{[S]}
D{[S]}->;D{[A], опред};[S];D{[S], квазиагент};
D{[A], опред}->D{[A]}
D{[A]}->;D{[A], композ};[A]
D{[A], композ}->D{[A]}
D{[A]}->[A]

D{[S], квазиагент}->D{[S]}
D{[S]}->[S]
RD{[V]}->;D{[PR], обст};;D{[ADV], огранич};[V];D{[S], предик};
D{[PR], обст}->D{[PR]}
D{[PR]}->[PR];D{[S], предл};
D{[S], предл}->D{[S]}
D{[S]}->[S];D{[PR], атриб};
D{[PR], атриб}->D{[PR]}
D{[PR]}->[PR];D{[S], предл};
D{[S], предл}->D{[S]}
D{[S]}->[S]

D{[ADV], огранич}->D{[ADV]}
D{[ADV]}->[ADV]

D{[S], предик}->D{[S]}
D{[S]}->;D{[A], опред};;D{[A], опред};[S];D{[V], опред};;D{[A], опред};
D{[A], опред}->D{[A]}
D{[A]}->[A]

D{[A], опред}->D{[A]}
D{[A]}->[A]

D{[V], опред}->D{[V]}
D{[V]}->[V];D{[PR], 2-компл};
D{[PR], 2-компл}->D{[PR]}
D{[PR]}->[PR];D{[S], предл};
D{[S], предл}->D{[S]}
D{[S]}->[S];D{[CONJ], сочин};
D{[CONJ], сочин}->D{[CONJ]}
D{[CONJ]}->[CONJ];D{[S], соч-союзн};
D{[S], соч-союзн}->D{[S]}
D{[S]}->[S];D{[S], квазиагент};
D{[S], квазиагент}->D{[S]}
D{[S]}->[S];D{[V], опред};
D{[V], опред}->D{[V]}
D{[V]}->[V];D{[PR], обст};
D{[PR], обст}->D{[PR]}
D{[PR]}->[PR];D{[S], предл};
D{[S], предл}->D{[S]}
D{[S]}->;D{[A], опред};[S];D{[S], квазиагент};
D{[A], опред}->D{[A]}
D{[A]}->[A]

D{[S], квазиагент}->D{[S]}
D{[S]}->[S]

D{[A], опред}->D{[A]}
D{[A]}->[A];D{[V], 1-компл};
D{[V], 1-компл}->D{[V]}
D{[V]}->[V];D{[S], 1-компл};;D{[ADV], обст};
D{[S], 1-компл}->D{[S]}
D{[S]}->;D{[NUM], количест};[S]
D{[NUM], количест}->D{[NUM]}
D{[NUM]}->[NUM];D{[NUM], кратн};
D{[NUM], кратн}->D{[NUM]}
D{[NUM]}->[NUM]

D{[ADV], обст}->D{[ADV]}
D{[ADV]}->[ADV];D{[CONJ], сочин};
D{[CONJ], сочин}->D{[CONJ]}
D{[CONJ]}->[CONJ];D{[ADV], соч-союзн};
D{[ADV], соч-союзн}->D{[ADV]}
D{[ADV]}->;D{[PART], огранич};[ADV]
D{[PART], огранич}->D{[PART]}
D{[PART]}->[PART]
RD{[PR]}->;D{[S], предик};[PR];D{[S], предл};
D{[S], предик}->D{[S]}
D{[S]}->;D{[A], опред};;D{[A], опред};[S]
D{[A], опред}->D{[A]}
D{[A]}->[A]

D{[A], опред}->D{[A]}
D{[A]}->[A]

D{[S], предл}->D{[S]}
D{[S]}->;D{[A], опред};;D{[A], опред};[S];D{[S], разъяснит};
D{[A], опред}->D{[A]}
D{[A]}->[A]

D{[A], опред}->D{[A]}
D{[A]}->[A]

D{[S], разъяснит}->D{[S]}
D{[S]}->;D{[S], предик};[S]
D{[S], предик}->D{[S]}
D{[S]}->[S]
RD{[S]}->;D{[PART], огранич};[S];D{[S], сочин};
D{[PART], огранич}->D{[PART]}
D{[PART]}->[PART]

D{[S], сочин}->D{[S]}
D{[S]}->;D{[PART], огранич};[S]
D{[PART], огранич}->D{[PART]}
D{[PART]}->[PART]
RD{[S]}->[S]
RD{[V]}->;D{[PR], 1-компл};[V];D{[S], предик};
D{[PR], 1-компл}->D{[PR]}
D{[PR]}->[PR];D{[S], предл};
D{[S], предл}->D{[S]}
D{[S]}->[S];D{[V], опред};
D{[V], опред}->D{[V]}
D{[V]}->[V];D{[S], агент};
D{[S], агент}->D{[S]}
D{[S]}->[S]

D{[S], предик}->D{[S]}
D{[S]}->[S];D{[PR], атриб};
D{[PR], атриб}->D{[PR]}
D{[PR]}->[PR];D{[S], предл};
D{[S], предл}->D{[S]}
D{[S]}->;D{[A], опред};[S]
D{[A], опред}->D{[A]}
D{[A]}->[A]
RD{[PR]}->;D{[ADV], огранич};[PR];D{[S], предл};
D{[ADV], огранич}->D{[ADV]}
D{[ADV]}->;D{[S], атриб};[ADV]
D{[S], атриб}->D{[S]}
D{[S]}->[S]

D{[S], предл}->D{[S]}
D{[S]}->[S]
RD{[V]}->;D{[S], предик};[V];D{[S], обст};
D{[S], предик}->D{[S]}
D{[S]}->;D{[A], опред};[S];D{[S], 1-компл};
D{[A], опред}->D{[A]}
D{[A]}->[A]

D{[S], 1-компл}->D{[S]}
D{[S]}->[S]

D{[S], обст}->D{[S]}
D{[S]}->[S];D{[PR], сочин};
D{[PR], сочин}->D{[PR]}
D{[PR]}->[PR];D{[S], предл};
D{[S], предл}->D{[S]}
D{[S]}->[S];D{[S], 1-компл};
D{[S], 1-компл}->D{[S]}
D{[S]}->;D{[A], опред};[S];D{[PR], 1-компл};
D{[A], опред}->D{[A]}
D{[A]}->[A]

D{[PR], 1-компл}->D{[PR]}
D{[PR]}->[PR];D{[S], предл};
D{[S], предл}->D{[S]}
D{[S]}->[S]
RD{[PR]}->;D{[ADV], огранич};[PR];D{[S], предл};;D{[S], предик};
D{[ADV], огранич}->D{[ADV]}
D{[ADV]}->[ADV]

D{[S], предл}->D{[S]}
D{[S]}->[S]

D{[S], предик}->D{[S]}
D{[S]}->;D{[NUM], количест};[S];D{[S], квазиагент};
D{[NUM], количест}->D{[NUM]}
D{[NUM]}->[NUM];D{[NUM], кратн};
D{[NUM], кратн}->D{[NUM]}
D{[NUM]}->[NUM]

D{[S], квазиагент}->D{[S]}
D{[S]}->[S]
RD{[CONJ]}->[CONJ];D{[A], соч-союзн};
D{[A], соч-союзн}->D{[A]}
D{[A]}->;D{[S], предик};[A];D{[PR], 1-компл};;D{[V], обст};
D{[S], предик}->D{[S]}
D{[S]}->;D{[A], опред};[S]
D{[A], опред}->D{[A]}
D{[A]}->[A]

D{[PR], 1-компл}->D{[PR]}
D{[PR]}->;D{[PART], огранич};[PR];D{[S], предл};
D{[PART], огранич}->D{[PART]}
D{[PART]}->[PART]

D{[S], предл}->D{[S]}
D{[S]}->;D{[A], опред};[S]
D{[A], опред}->D{[A]}
D{[A]}->[A]

D{[V], обст}->D{[V]}
D{[V]}->;D{[PART], огранич};[V];D{[PR], 3-компл};
D{[PART], огранич}->D{[PART]}
D{[PART]}->[PART]

D{[PR], 3-компл}->D{[PR]}
D{[PR]}->[PR];D{[S], предл};
D{[S], предл}->D{[S]}
D{[S]}->[S]
RD{[V]}->;D{[ADV], обст};;D{[PR], 1-компл};;D{[PR], вводн};[V];D{[S], предик};
D{[ADV], обст}->D{[ADV]}
D{[ADV]}->[ADV]

D{[PR], 1-компл}->D{[PR]}
D{[PR]}->[PR];D{[S], предл};
D{[S], предл}->D{[S]}
D{[S]}->[S]

D{[PR], вводн}->D{[PR]}
D{[PR]}->[PR];D{[S], предл};
D{[S], предл}->D{[S]}
D{[S]}->;D{[A], опред};[S]
D{[A], опред}->D{[A]}
D{[A]}->[A]

D{[S], предик}->D{[S]}
D{[S]}->[S]
RD{[V]}->;D{[PART], огранич};[V];D{[CONJ], предик};
D{[PART], огранич}->D{[PART]}
D{[PART]}->[PART]

D{[CONJ], предик}->D{[CONJ]}
D{[CONJ]}->[CONJ];D{[V], подч-союзн};
D{[V], подч-союзн}->D{[V]}
D{[V]}->;D{[PR], 2-компл};[V];D{[NID], предик};;D{[PR], 1-компл};
D{[PR], 2-компл}->D{[PR]}
D{[PR]}->[PR];D{[S], предл};
D{[S], предл}->D{[S]}
D{[S]}->[S]

D{[NID], предик}->D{[NID]}
D{[NID]}->[NID]

D{[PR], 1-компл}->D{[PR]}
D{[PR]}->[PR];D{[S], предл};
D{[S], предл}->D{[S]}
D{[S]}->[S];D{[S], квазиагент};
D{[S], квазиагент}->D{[S]}
D{[S]}->[S];D{[V], разъяснит};
D{[V], разъяснит}->D{[V]}
D{[V]}->;D{[PR], обст};;D{[PR], присвяз};[V];D{[S], предик};
D{[PR], обст}->D{[PR]}
D{[PR]}->[PR];D{[S], предл};
D{[S], предл}->D{[S]}
D{[S]}->[S];D{[S], 1-компл};
D{[S], 1-компл}->D{[S]}
D{[S]}->[S]

D{[PR], присвяз}->D{[PR]}
D{[PR]}->[PR];D{[S], предл};
D{[S], предл}->D{[S]}
D{[S]}->;D{[NUM], количест};;D{[A], опред};[S];D{[A], опред};
D{[NUM], количест}->D{[NUM]}
D{[NUM]}->[NUM]

D{[A], опред}->D{[A]}
D{[A]}->[A]

D{[A], опред}->D{[A]}
D{[A]}->[A];D{[PR], 1-компл};
D{[PR], 1-компл}->D{[PR]}
D{[PR]}->[PR];D{[S], предл};
D{[S], предл}->D{[S]}
D{[S]}->[S];D{[S], квазиагент};
D{[S], квазиагент}->D{[S]}
D{[S]}->[S]

D{[S], предик}->D{[S]}
D{[S]}->;D{[A], опред};[S];D{[NID], квазиагент};
D{[A], опред}->D{[A]}
D{[A]}->[A]

D{[NID], квазиагент}->D{[NID]}
D{[NID]}->[NID]
RD{[CONJ]}->[CONJ];D{[V], соч-союзн};
D{[V], соч-союзн}->D{[V]}
D{[V]}->;D{[PR], обст};;D{[S], предик};;D{[PART], огранич};[V];D{[CONJ], обст};
D{[PR], обст}->D{[PR]}
D{[PR]}->[PR];D{[S], предл};
D{[S], предл}->D{[S]}
D{[S]}->[S];D{[PR], атриб};
D{[PR], атриб}->D{[PR]}
D{[PR]}->[PR];D{[S], предл};
D{[S], предл}->D{[S]}
D{[S]}->[S]

D{[S], предик}->D{[S]}
D{[S]}->;D{[A], опред};[S];D{[S], квазиагент};
D{[A], опред}->D{[A]}
D{[A]}->[A]

D{[S], квазиагент}->D{[S]}
D{[S]}->[S]

D{[PART], огранич}->D{[PART]}
D{[PART]}->;D{[ADV], огранич};[PART]
D{[ADV], огранич}->D{[ADV]}
D{[ADV]}->[ADV]

D{[CONJ], обст}->D{[CONJ]}
D{[CONJ]}->[CONJ];D{[V], подч-союзн};
D{[V], подч-союзн}->D{[V]}
D{[V]}->;D{[PR], обст};;D{[PART], огранич};[V];D{[S], предик};
D{[PR], обст}->D{[PR]}
D{[PR]}->[PR];D{[S], предл};
D{[S], предл}->D{[S]}
D{[S]}->[S]

D{[PART], огранич}->D{[PART]}
D{[PART]}->[PART]

D{[S], предик}->D{[S]}
D{[S]}->[S]
RD{[S]}->;D{[S], предик};[S];D{[S], квазиагент};
D{[S], предик}->D{[S]}
D{[S]}->;D{[A], опред};[S];D{[S], квазиагент};
D{[A], опред}->D{[A]}
D{[A]}->[A]

D{[S], квазиагент}->D{[S]}
D{[S]}->;D{[A], опред};;D{[S], композ};[S]
D{[A], опред}->D{[A]}
D{[A]}->[A]

D{[S], композ}->D{[S]}
D{[S]}->[S]

D{[S], квазиагент}->D{[S]}
D{[S]}->[S]
RD{[S]}->;D{[A], опред};[S];D{[V], релят};;D{[S], предик};;D{[PR], обст};
D{[A], опред}->D{[A]}
D{[A]}->[A]

D{[V], релят}->D{[V]}
D{[V]}->;D{[PR], обст};[V];D{[V], 1-компл};;D{[S], предик};
D{[PR], обст}->D{[PR]}
D{[PR]}->[PR];D{[S], предл};
D{[S], предл}->D{[S]}
D{[S]}->[S]

D{[V], 1-компл}->D{[V]}
D{[V]}->[V];D{[S], 1-компл};
D{[S], 1-компл}->D{[S]}
D{[S]}->[S]

D{[S], предик}->D{[S]}
D{[S]}->;D{[A], опред};[S];D{[NUM], аппоз};;D{[CONJ], сочин};
D{[A], опред}->D{[A]}
D{[A]}->[A]

D{[NUM], аппоз}->D{[NUM]}
D{[NUM]}->[NUM]

D{[CONJ], сочин}->D{[CONJ]}
D{[CONJ]}->[CONJ];D{[S], соч-союзн};
D{[S], соч-союзн}->D{[S]}
D{[S]}->[S];D{[NUM], аппоз};
D{[NUM], аппоз}->D{[NUM]}
D{[NUM]}->[NUM]

D{[S], предик}->D{[S]}
D{[S]}->;D{[NUM], количест};[S]
D{[NUM], количест}->D{[NUM]}
D{[NUM]}->[NUM];D{[NUM], кратн};
D{[NUM], кратн}->D{[NUM]}
D{[NUM]}->[NUM]

D{[PR], обст}->D{[PR]}
D{[PR]}->[PR];D{[S], предл};
D{[S], предл}->D{[S]}
D{[S]}->[S];D{[S], атриб};
D{[S], атриб}->D{[S]}
D{[S]}->[S]
RD{[A]}->;D{[S], предик};[A];D{[PR], обст};
D{[S], предик}->D{[S]}
D{[S]}->;D{[ADV], огранич};[S];D{[S], 1-компл};
D{[ADV], огранич}->D{[ADV]}
D{[ADV]}->[ADV]

D{[S], 1-компл}->D{[S]}
D{[S]}->;D{[A], опред};[S];D{[V], опред};
D{[A], опред}->D{[A]}
D{[A]}->[A]

D{[V], опред}->D{[V]}
D{[V]}->[V];D{[S], 1-компл};
D{[S], 1-компл}->D{[S]}
D{[S]}->[S];D{[S], 1-компл};
D{[S], 1-компл}->D{[S]}
D{[S]}->;D{[A], опред};[S]
D{[A], опред}->D{[A]}
D{[A]}->[A]

D{[PR], обст}->D{[PR]}
D{[PR]}->;D{[PART], огранич};[PR];D{[S], предл};
D{[PART], огранич}->D{[PART]}
D{[PART]}->[PART]

D{[S], предл}->D{[S]}
D{[S]}->[S];D{[S], квазиагент};
D{[S], квазиагент}->D{[S]}
D{[S]}->[S];D{[S], квазиагент};
D{[S], квазиагент}->D{[S]}
D{[S]}->[S];D{[PR], атриб};
D{[PR], атриб}->D{[PR]}
D{[PR]}->[PR];D{[S], предл};
D{[S], предл}->D{[S]}
D{[S]}->[S];D{[S], квазиагент};
D{[S], квазиагент}->D{[S]}
D{[S]}->[S];D{[CONJ], сочин};
D{[CONJ], сочин}->D{[CONJ]}
D{[CONJ]}->[CONJ];D{[S], соч-союзн};
D{[S], соч-союзн}->D{[S]}
D{[S]}->[S]
RD{[A]}->;D{[PR], обст};;D{[ADV], обст};;D{[S], предик};[A];D{[V], 1-компл};
D{[PR], обст}->D{[PR]}
D{[PR]}->[PR];D{[S], предл};
D{[S], предл}->D{[S]}
D{[S]}->[S];D{[S], 1-компл};
D{[S], 1-компл}->D{[S]}
D{[S]}->;D{[NUM], количест};[S]
D{[NUM], количест}->D{[NUM]}
D{[NUM]}->[NUM];D{[NUM], кратн};
D{[NUM], кратн}->D{[NUM]}
D{[NUM]}->[NUM]

D{[ADV], обст}->D{[ADV]}
D{[ADV]}->[ADV]

D{[S], предик}->D{[S]}
D{[S]}->;D{[A], опред};[S]
D{[A], опред}->D{[A]}
D{[A]}->[A]

D{[V], 1-компл}->D{[V]}
D{[V]}->[V];D{[ADV], 1-компл};
D{[ADV], 1-компл}->D{[ADV]}
D{[ADV]}->;D{[PART], огранич};[ADV];D{[S], сравнит};
D{[PART], огранич}->D{[PART]}
D{[PART]}->[PART]

D{[S], сравнит}->D{[S]}
D{[S]}->;D{[NUM], количест};[S]
D{[NUM], количест}->D{[NUM]}
D{[NUM]}->[NUM]
RD{[V]}->;D{[PART], огранич};[V];D{[V], сочин};
D{[PART], огранич}->D{[PART]}
D{[PART]}->[PART]

D{[V], сочин}->D{[V]}
D{[V]}->;D{[ADV], огранич};[V]
D{[ADV], огранич}->D{[ADV]}
D{[ADV]}->[ADV]
RD{[A]}->;D{[V], предик};[A]
D{[V], предик}->D{[V]}
D{[V]}->[V];D{[S], 1-компл};;D{[PR], обст};
D{[S], 1-компл}->D{[S]}
D{[S]}->[S];D{[S], 1-компл};
D{[S], 1-компл}->D{[S]}
D{[S]}->[S]

D{[PR], обст}->D{[PR]}
D{[PR]}->[PR];D{[S], предл};;D{[PR], сочин};
D{[S], предл}->D{[S]}
D{[S]}->[S];D{[S], 1-компл};
D{[S], 1-компл}->D{[S]}
D{[S]}->;D{[A], опред};[S]
D{[A], опред}->D{[A]}
D{[A]}->[A]

D{[PR], сочин}->D{[PR]}
D{[PR]}->[PR];D{[S], предл};
D{[S], предл}->D{[S]}
D{[S]}->;D{[A], опред};[S]
D{[A], опред}->D{[A]}
D{[A]}->[A]
RD{[V]}->[V];D{[S], предик};
D{[S], предик}->D{[S]}
D{[S]}->;D{[A], опред};[S];D{[CONJ], 1-компл};
D{[A], опред}->D{[A]}
D{[A]}->[A]

D{[CONJ], 1-компл}->D{[CONJ]}
D{[CONJ]}->[CONJ];D{[V], подч-союзн};
D{[V], подч-союзн}->D{[V]}
D{[V]}->;D{[S], предик};[V];D{[ADV], обст};;D{[S], 1-компл};
D{[S], предик}->D{[S]}
D{[S]}->;D{[A], опред};[S]
D{[A], опред}->D{[A]}
D{[A]}->[A]

D{[ADV], обст}->D{[ADV]}
D{[ADV]}->[ADV]

D{[S], 1-компл}->D{[S]}
D{[S]}->;D{[A], опред};[S];D{[V], опред};
D{[A], опред}->D{[A]}
D{[A]}->;D{[A], композ};[A]
D{[A], композ}->D{[A]}
D{[A]}->[A]

D{[V], опред}->D{[V]}
D{[V]}->[V];D{[S], 2-компл};;D{[CONJ], сочин};
D{[S], 2-компл}->D{[S]}
D{[S]}->[S];D{[S], 1-компл};
D{[S], 1-компл}->D{[S]}
D{[S]}->;D{[A], опред};[S]
D{[A], опред}->D{[A]}
D{[A]}->[A]

D{[CONJ], сочин}->D{[CONJ]}
D{[CONJ]}->[CONJ];D{[V], соч-союзн};
D{[V], соч-союзн}->D{[V]}
D{[V]}->[V];D{[V], 1-компл};
D{[V], 1-компл}->D{[V]}
D{[V]}->[V];D{[S], 1-компл};
D{[S], 1-компл}->D{[S]}
D{[S]}->[S]
RD{[V]}->;D{[S], 2-компл};;D{[PR], обст};;D{[PART], огранич};[V]
D{[S], 2-компл}->D{[S]}
D{[S]}->[S]

D{[PR], обст}->D{[PR]}
D{[PR]}->[PR];D{[S], предл};
D{[S], предл}->D{[S]}
D{[S]}->;D{[NUM], количест};[S]
D{[NUM], количест}->D{[NUM]}
D{[NUM]}->[NUM];D{[NUM], кратн};
D{[NUM], кратн}->D{[NUM]}
D{[NUM]}->[NUM]

D{[PART], огранич}->D{[PART]}
D{[PART]}->[PART]
RD{[V]}->;D{[ADV], обст};;D{[PR], обст};[V];D{[V], предик};
D{[ADV], обст}->D{[ADV]}
D{[ADV]}->[ADV]

D{[PR], обст}->D{[PR]}
D{[PR]}->[PR];D{[S], предл};
D{[S], предл}->D{[S]}
D{[S]}->[S];D{[S], квазиагент};;D{[PR], 1-компл};
D{[S], квазиагент}->D{[S]}
D{[S]}->[S];D{[S], 1-компл};
D{[S], 1-компл}->D{[S]}
D{[S]}->[S];D{[S], 1-компл};
D{[S], 1-компл}->D{[S]}
D{[S]}->[S]

D{[PR], 1-компл}->D{[PR]}
D{[PR]}->[PR];D{[S], предл};
D{[S], предл}->D{[S]}
D{[S]}->[S];D{[S], квазиагент};
D{[S], квазиагент}->D{[S]}
D{[S]}->[S];D{[PR], атриб};
D{[PR], атриб}->D{[PR]}
D{[PR]}->[PR];D{[S], предл};
D{[S], предл}->D{[S]}
D{[S]}->[S];D{[CONJ], вводн};
D{[CONJ], вводн}->D{[CONJ]}
D{[CONJ]}->[CONJ];D{[PART], огранич};;D{[PR], сравн-союзн};
D{[PART], огранич}->D{[PART]}
D{[PART]}->[PART]

D{[PR], сравн-союзн}->D{[PR]}
D{[PR]}->[PR];D{[S], предл};
D{[S], предл}->D{[S]}
D{[S]}->;D{[A], опред};[S];D{[S], квазиагент};
D{[A], опред}->D{[A]}
D{[A]}->[A]

D{[S], квазиагент}->D{[S]}
D{[S]}->;D{[A], опред};[S];D{[V], опред};
D{[A], опред}->D{[A]}
D{[A]}->[A]

D{[V], опред}->D{[V]}
D{[V]}->[V];D{[PR], 2-компл};
D{[PR], 2-компл}->D{[PR]}
D{[PR]}->[PR];D{[S], предл};
D{[S], предл}->D{[S]}
D{[S]}->[S]

D{[V], предик}->D{[V]}
D{[V]}->[V];D{[ADV], 2-компл};
D{[ADV], 2-компл}->D{[ADV]}
D{[ADV]}->[ADV]
RD{[V]}->;D{[PR], обст};;D{[S], предик};;D{[PR], вводн};;D{[S], обст};[V];D{[S], 1-компл};
D{[PR], обст}->D{[PR]}
D{[PR]}->[PR];D{[S], предл};
D{[S], предл}->D{[S]}
D{[S]}->[S]

D{[S], предик}->D{[S]}
D{[S]}->;D{[ADV], вводн};[S]
D{[ADV], вводн}->D{[ADV]}
D{[ADV]}->[ADV]

D{[PR], вводн}->D{[PR]}
D{[PR]}->[PR];D{[S], предл};
D{[S], предл}->D{[S]}
D{[S]}->[S]

D{[S], обст}->D{[S]}
D{[S]}->;D{[NUM], количест};[S]
D{[NUM], количест}->D{[NUM]}
D{[NUM]}->[NUM]

D{[S], 1-компл}->D{[S]}
D{[S]}->;D{[A], опред};;D{[A], опред};;D{[A], опред};[S];D{[S], 1-компл};
D{[A], опред}->D{[A]}
D{[A]}->[A]

D{[A], опред}->D{[A]}
D{[A]}->[A]

D{[A], опред}->D{[A]}
D{[A]}->[A]

D{[S], 1-компл}->D{[S]}
D{[S]}->[S]
RD{[ADV]}->[ADV];D{[V], предик};
D{[V], предик}->D{[V]}
D{[V]}->[V];D{[CONJ], 1-компл};
D{[CONJ], 1-компл}->D{[CONJ]}
D{[CONJ]}->[CONJ];D{[V], подч-союзн};
D{[V], подч-союзн}->D{[V]}
D{[V]}->;D{[ADV], обст};;D{[ADV], обст};[V];D{[S], предик};
D{[ADV], обст}->D{[ADV]}
D{[ADV]}->;D{[ADV], огранич};[ADV]
D{[ADV], огранич}->D{[ADV]}
D{[ADV]}->[ADV]

D{[ADV], обст}->D{[ADV]}
D{[ADV]}->[ADV]

D{[S], предик}->D{[S]}
D{[S]}->[S];D{[S], 1-компл};
D{[S], 1-компл}->D{[S]}
D{[S]}->[S];D{[S], 1-компл};
D{[S], 1-компл}->D{[S]}
D{[S]}->[S]
RD{[V]}->;D{[PR], обст};;D{[S], предик};[V];D{[S], 1-компл};
D{[PR], обст}->D{[PR]}
D{[PR]}->[PR];D{[S], предл};
D{[S], предл}->D{[S]}
D{[S]}->;D{[A], опред};;D{[A], опред};[S];D{[S], аппоз};
D{[A], опред}->D{[A]}
D{[A]}->[A]

D{[A], опред}->D{[A]}
D{[A]}->[A]

D{[S], аппоз}->D{[S]}
D{[S]}->[S];D{[PR], атриб};
D{[PR], атриб}->D{[PR]}
D{[PR]}->[PR];D{[S], предл};
D{[S], предл}->D{[S]}
D{[S]}->[S]

D{[S], предик}->D{[S]}
D{[S]}->[S]

D{[S], 1-компл}->D{[S]}
D{[S]}->;D{[NUM], количест};[S];D{[S], квазиагент};
D{[NUM], количест}->D{[NUM]}
D{[NUM]}->[NUM]

D{[S], квазиагент}->D{[S]}
D{[S]}->;D{[A], опред};;D{[A], опред};[S]
D{[A], опред}->D{[A]}
D{[A]}->[A]

D{[A], опред}->D{[A]}
D{[A]}->[A]
RD{[V]}->;D{[S], предик};;D{[ADV], вводн};[V];D{[PR], обст};
D{[S], предик}->D{[S]}
D{[S]}->;D{[A], опред};[S]
D{[A], опред}->D{[A]}
D{[A]}->[A]

D{[ADV], вводн}->D{[ADV]}
D{[ADV]}->[ADV];D{[V], предик};
D{[V], предик}->D{[V]}
D{[V]}->;D{[PART], огранич};[V]
D{[PART], огранич}->D{[PART]}
D{[PART]}->[PART]

D{[PR], обст}->D{[PR]}
D{[PR]}->;D{[PART], огранич};[PR];D{[S], предл};
D{[PART], огранич}->D{[PART]}
D{[PART]}->[PART]

D{[S], предл}->D{[S]}
D{[S]}->;D{[A], опред};;D{[S], композ};[S]
D{[A], опред}->D{[A]}
D{[A]}->[A]

D{[S], композ}->D{[S]}
D{[S]}->[S]
RD{[V]}->[V];D{[PART], огранич};;D{[S], предик};;D{[V], 1-компл};
D{[PART], огранич}->D{[PART]}
D{[PART]}->[PART]

D{[S], предик}->D{[S]}
D{[S]}->[S]

D{[V], 1-компл}->D{[V]}
D{[V]}->;D{[ADV], обст};[V];D{[S], 1-компл};
D{[ADV], обст}->D{[ADV]}
D{[ADV]}->[ADV]

D{[S], 1-компл}->D{[S]}
D{[S]}->[S]
RD{[V]}->;D{[PR], 1-компл};;D{[S], предик};[V];D{[S], 2-компл};
D{[PR], 1-компл}->D{[PR]}
D{[PR]}->[PR];D{[ADV], предл};
D{[ADV], предл}->D{[ADV]}
D{[ADV]}->[ADV]

D{[S], предик}->D{[S]}
D{[S]}->[S]

D{[S], 2-компл}->D{[S]}
D{[S]}->[S];D{[S], квазиагент};
D{[S], квазиагент}->D{[S]}
D{[S]}->[S]
RD{[S]}->[S];D{[S], 1-компл};
D{[S], 1-компл}->D{[S]}
D{[S]}->[S];D{[S], 1-компл};
D{[S], 1-компл}->D{[S]}
D{[S]}->[S]
RD{[A]}->[A];D{[V], предик};;D{[CONJ], сочин};
D{[V], предик}->D{[V]}
D{[V]}->[V];D{[PR], 2-компл};
D{[PR], 2-компл}->D{[PR]}
D{[PR]}->[PR];D{[S], предл};
D{[S], предл}->D{[S]}
D{[S]}->;D{[A], опред};;D{[A], опред};[S]
D{[A], опред}->D{[A]}
D{[A]}->[A]

D{[A], опред}->D{[A]}
D{[A]}->[A]

D{[CONJ], сочин}->D{[CONJ]}
D{[CONJ]}->[CONJ];D{[A], соч-союзн};
D{[A], соч-союзн}->D{[A]}
D{[A]}->;D{[ADV], огранич};[A];D{[V], предик};
D{[ADV], огранич}->D{[ADV]}
D{[ADV]}->[ADV]

D{[V], предик}->D{[V]}
D{[V]}->[V]
RD{[ADV]}->;D{[ADV], огранич};[ADV];D{[V], предик};
D{[ADV], огранич}->D{[ADV]}
D{[ADV]}->[ADV]

D{[V], предик}->D{[V]}
D{[V]}->[V];D{[CONJ], 1-компл};
D{[CONJ], 1-компл}->D{[CONJ]}
D{[CONJ]}->[CONJ];D{[V], подч-союзн};
D{[V], подч-союзн}->D{[V]}
D{[V]}->;D{[S], предик};[V];D{[V], 1-компл};
D{[S], предик}->D{[S]}
D{[S]}->[S];D{[V], релят};
D{[V], релят}->D{[V]}
D{[V]}->;D{[S], предик};[V];D{[S], 1-компл};
D{[S], предик}->D{[S]}
D{[S]}->[S]

D{[S], 1-компл}->D{[S]}
D{[S]}->[S];D{[PR], 2-компл};
D{[PR], 2-компл}->D{[PR]}
D{[PR]}->[PR];D{[S], предл};
D{[S], предл}->D{[S]}
D{[S]}->[S];D{[S], квазиагент};;D{[PR], 1-компл};
D{[S], квазиагент}->D{[S]}
D{[S]}->[S]

D{[PR], 1-компл}->D{[PR]}
D{[PR]}->[PR];D{[S], предл};
D{[S], предл}->D{[S]}
D{[S]}->;D{[A], опред};[S]
D{[A], опред}->D{[A]}
D{[A]}->[A]

D{[V], 1-компл}->D{[V]}
D{[V]}->;D{[S], обст};;D{[ADV], огранич};[V];D{[S], 1-компл};
D{[S], обст}->D{[S]}
D{[S]}->;D{[A], опред};[S]
D{[A], опред}->D{[A]}
D{[A]}->;D{[NUM], количест};[A]
D{[NUM], количест}->D{[NUM]}
D{[NUM]}->[NUM]

D{[ADV], огранич}->D{[ADV]}
D{[ADV]}->[ADV]

D{[S], 1-компл}->D{[S]}
D{[S]}->[S]
RD{[A]}->[A];D{[CONJ], предик};
D{[CONJ], предик}->D{[CONJ]}
D{[CONJ]}->[CONJ];D{[V], подч-союзн};
D{[V], подч-союзн}->D{[V]}
D{[V]}->;D{[S], 1-компл};;D{[PR], обст};;D{[PART], огранич};[V];D{[CONJ], сент-соч};
D{[S], 1-компл}->D{[S]}
D{[S]}->[S];D{[NID], fictit};
D{[NID], fictit}->D{[NID]}
D{[NID]}->[NID]

D{[PR], обст}->D{[PR]}
D{[PR]}->[PR];D{[S], предл};
D{[S], предл}->D{[S]}
D{[S]}->[S]

D{[PART], огранич}->D{[PART]}
D{[PART]}->[PART]

D{[CONJ], сент-соч}->D{[CONJ]}
D{[CONJ]}->[CONJ];D{[V], соч-союзн};
D{[V], соч-союзн}->D{[V]}
D{[V]}->;D{[S], 1-компл};;D{[ADV], вводн};;D{[S], предик};;D{[PART], огранич};;D{[PART], огранич};[V]
D{[S], 1-компл}->D{[S]}
D{[S]}->[S]

D{[ADV], вводн}->D{[ADV]}
D{[ADV]}->[ADV];D{[S], сравнит};
D{[S], сравнит}->D{[S]}
D{[S]}->[S]

D{[S], предик}->D{[S]}
D{[S]}->[S]

D{[PART], огранич}->D{[PART]}
D{[PART]}->[PART]

D{[PART], огранич}->D{[PART]}
D{[PART]}->[PART]
RD{[V]}->;D{[PART], огранич};;D{[S], предик};[V];D{[V], 1-компл};;D{[V], сочин};;D{[CONJ], сент-соч};
D{[PART], огранич}->D{[PART]}
D{[PART]}->[PART]

D{[S], предик}->D{[S]}
D{[S]}->[S]

D{[V], 1-компл}->D{[V]}
D{[V]}->[V];D{[S], 1-компл};
D{[S], 1-компл}->D{[S]}
D{[S]}->[S];D{[S], 1-компл};
D{[S], 1-компл}->D{[S]}
D{[S]}->[S]

D{[V], сочин}->D{[V]}
D{[V]}->[V];D{[V], 1-компл};
D{[V], 1-компл}->D{[V]}
D{[V]}->;D{[PART], огранич};[V];D{[S], 1-компл};;D{[S], 2-компл};
D{[PART], огранич}->D{[PART]}
D{[PART]}->[PART]

D{[S], 1-компл}->D{[S]}
D{[S]}->[S]

D{[S], 2-компл}->D{[S]}
D{[S]}->;D{[A], опред};[S]
D{[A], опред}->D{[A]}
D{[A]}->[A]

D{[CONJ], сент-соч}->D{[CONJ]}
D{[CONJ]}->[CONJ];D{[V], соч-союзн};
D{[V], соч-союзн}->D{[V]}
D{[V]}->[V];D{[PART], огранич};;D{[S], предик};;D{[A], присвяз};
D{[PART], огранич}->D{[PART]}
D{[PART]}->[PART]

D{[S], предик}->D{[S]}
D{[S]}->;D{[A], опред};[S];D{[PR], атриб};
D{[A], опред}->D{[A]}
D{[A]}->[A]

D{[PR], атриб}->D{[PR]}
D{[PR]}->[PR];D{[S], предл};
D{[S], предл}->D{[S]}
D{[S]}->[S]

D{[A], присвяз}->D{[A]}
D{[A]}->[A]
RD{[ADV]}->;D{[ADV], обст};;D{[CONJ], вводн};[ADV];D{[V], предик};
D{[ADV], обст}->D{[ADV]}
D{[ADV]}->[ADV]

D{[CONJ], вводн}->D{[CONJ]}
D{[CONJ]}->[CONJ];D{[V], сравн-союзн};
D{[V], сравн-союзн}->D{[V]}
D{[V]}->[V];D{[S], предик};
D{[S], предик}->D{[S]}
D{[S]}->;D{[A], опред};[S]
D{[A], опред}->D{[A]}
D{[A]}->[A]

D{[V], предик}->D{[V]}
D{[V]}->[V];D{[S], 1-компл};;D{[CONJ], сочин};
D{[S], 1-компл}->D{[S]}
D{[S]}->;D{[A], опред};[S]
D{[A], опред}->D{[A]}
D{[A]}->[A]

D{[CONJ], сочин}->D{[CONJ]}
D{[CONJ]}->[CONJ];D{[V], соч-союзн};
D{[V], соч-союзн}->D{[V]}
D{[V]}->[V];D{[ADV], 1-компл};;D{[CONJ], обст};
D{[ADV], 1-компл}->D{[ADV]}
D{[ADV]}->[ADV]

D{[CONJ], обст}->D{[CONJ]}
D{[CONJ]}->[CONJ];D{[V], подч-союзн};
D{[V], подч-союзн}->D{[V]}
D{[V]}->;D{[S], предик};;D{[PART], огранич};[V];D{[PR], 1-компл};;D{[ADV], обст};
D{[S], предик}->D{[S]}
D{[S]}->[S]

D{[PART], огранич}->D{[PART]}
D{[PART]}->[PART]

D{[PR], 1-компл}->D{[PR]}
D{[PR]}->[PR];D{[S], предл};
D{[S], предл}->D{[S]}
D{[S]}->;D{[A], опред};[S]
D{[A], опред}->D{[A]}
D{[A]}->[A]

D{[ADV], обст}->D{[ADV]}
D{[ADV]}->[ADV];D{[CONJ], сочин};
D{[CONJ], сочин}->D{[CONJ]}
D{[CONJ]}->[CONJ];D{[ADV], соч-союзн};
D{[ADV], соч-союзн}->D{[ADV]}
D{[ADV]}->[ADV]
RD{[V]}->;D{[S], предик};;D{[ADV], обст};;D{[S], 1-компл};[V];D{[PR], 3-компл};;D{[V], обст};
D{[S], предик}->D{[S]}
D{[S]}->[S]

D{[ADV], обст}->D{[ADV]}
D{[ADV]}->;D{[PART], огранич};[ADV]
D{[PART], огранич}->D{[PART]}
D{[PART]}->[PART]

D{[S], 1-компл}->D{[S]}
D{[S]}->;D{[A], опред};[S];D{[S], квазиагент};
D{[A], опред}->D{[A]}
D{[A]}->;D{[PART], огранич};[A]
D{[PART], огранич}->D{[PART]}
D{[PART]}->[PART]

D{[S], квазиагент}->D{[S]}
D{[S]}->[S]

D{[PR], 3-компл}->D{[PR]}
D{[PR]}->[PR];D{[S], предл};
D{[S], предл}->D{[S]}
D{[S]}->[S]

D{[V], обст}->D{[V]}
D{[V]}->;D{[PR], обст};[V];D{[S], присвяз};
D{[PR], обст}->D{[PR]}
D{[PR]}->[PR];D{[S], предл};
D{[S], предл}->D{[S]}
D{[S]}->[S]

D{[S], присвяз}->D{[S]}
D{[S]}->;D{[A], опред};[S];D{[S], 1-компл};
D{[A], опред}->D{[A]}
D{[A]}->;D{[PART], огранич};[A]
D{[PART], огранич}->D{[PART]}
D{[PART]}->;D{[PART], огранич};[PART]
D{[PART], огранич}->D{[PART]}
D{[PART]}->[PART];D{[PART], огранич};
D{[PART], огранич}->D{[PART]}
D{[PART]}->[PART]

D{[S], 1-компл}->D{[S]}
D{[S]}->[S]
RD{[CONJ]}->[CONJ];D{[A], соч-союзн};
D{[A], соч-союзн}->D{[A]}
D{[A]}->;D{[S], предик};[A];D{[S], 1-компл};
D{[S], предик}->D{[S]}
D{[S]}->[S]

D{[S], 1-компл}->D{[S]}
D{[S]}->;D{[A], опред};[S];D{[S], атриб};
D{[A], опред}->D{[A]}
D{[A]}->[A]

D{[S], атриб}->D{[S]}
D{[S]}->[S];D{[S], квазиагент};
D{[S], квазиагент}->D{[S]}
D{[S]}->;D{[A], опред};[S];D{[PR], атриб};
D{[A], опред}->D{[A]}
D{[A]}->[A]

D{[PR], атриб}->D{[PR]}
D{[PR]}->[PR];D{[S], предл};
D{[S], предл}->D{[S]}
D{[S]}->[S];D{[S], квазиагент};
D{[S], квазиагент}->D{[S]}
D{[S]}->[S]
