RD{[V]}->D{[S], предик};[V];D{[PR], 2-компл}
D{[S], предик}->D{[S]}
D{[S]}->D{[A], опред};D{[A], опред};[S];D{[NID], примыкат}
D{[A], опред}->[A]
D{[NID], примыкат}->[NID]
D{[PR], 2-компл}->D{[PR]}
D{[PR]}->[PR];D{[S], предл}
D{[S], предл}->D{[S]}
D{[S]}->[S];D{[PR], атриб}
D{[PR], атриб}->D{[PR]}
D{[S]}->[S];D{[S], аппоз}
D{[S], аппоз}->D{[S]}
D{[S]}->[S];D{[S], 1-компл}
D{[S], 1-компл}->D{[S]}
D{[S]}->[S];D{[CONJ], примыкат}
D{[CONJ], примыкат}->D{[CONJ]}
D{[CONJ]}->[CONJ];D{[V], сравн-союзн}
D{[V], сравн-союзн}->D{[V]}
D{[V]}->D{[S], предик};D{[PART], огранич};[V]
D{[S], предик}->[S]
D{[PART], огранич}->[PART]
RD{[V]}->D{[V], обст};D{[S], предик};[V];D{[PR], 2-компл}
D{[V], обст}->D{[V]}
D{[V]}->[V];D{[S], 1-компл};D{[CONJ], сочин}
D{[S]}->D{[A], опред};[S];D{[S], квазиагент}
D{[S], квазиагент}->[S]
D{[CONJ], сочин}->D{[CONJ]}
D{[CONJ]}->[CONJ];D{[V], соч-союзн}
D{[V], соч-союзн}->D{[V]}
D{[V]}->[V];D{[S], 1-компл}
D{[S]}->[S];D{[CONJ], сочин}
D{[CONJ]}->[CONJ];D{[S], соч-союзн}
D{[S], соч-союзн}->D{[S]}
D{[S]}->D{[A], опред};[S]
D{[S]}->[S];D{[S], квазиагент};D{[CONJ], сочин}
D{[S], квазиагент}->D{[S]}
D{[S], аппоз}->[S]
RD{[V]}->D{[PR], обст};D{[CONJ], обст};D{[S], предик};[V];D{[PR], 1-компл}
D{[PR], обст}->D{[PR]}
D{[PR]}->[PR];D{[NUM], предл}
D{[NUM], предл}->D{[NUM]}
D{[NUM]}->[NUM];D{[S], атриб}
D{[S], атриб}->[S]
D{[CONJ], обст}->D{[CONJ]}
D{[CONJ]}->[CONJ];D{[V], подч-союзн}
D{[V], подч-союзн}->D{[V]}
D{[V]}->D{[S], предик};[V];D{[S], 1-компл}
D{[S]}->D{[A], опред};D{[S], композ};[S]
D{[S], композ}->[S]
D{[S]}->D{[A], опред};[S];D{[PR], 1-компл}
D{[PR], 1-компл}->D{[PR]}
D{[S]}->[S];D{[V], опред}
D{[V], опред}->D{[V]}
D{[V]}->[V];D{[PR], 1-компл}
D{[V]}->[V];D{[S], агент}
D{[S], агент}->[S]
D{[S]}->D{[NUM], количест};D{[A], опред};[S];D{[S], 1-компл};D{[V], опред}
D{[NUM], количест}->[NUM]
D{[S]}->D{[A], опред};D{[A], опред};[S]
D{[V]}->D{[PR], обст};[V];D{[S], 1-компл};D{[PR], 2-компл}
D{[S], 1-компл}->[S]
D{[S], предл}->[S]
RD{[V]}->D{[S], предик};[V];D{[S], 1-компл};D{[V], сочин}
D{[S], соч-союзн}->[S]
D{[V], сочин}->D{[V]}
D{[A], опред}->D{[A]}
D{[A]}->[A];D{[A], примыкат}
D{[A], примыкат}->[A]
D{[S]}->D{[A], опред};[S];D{[S], 1-компл}
D{[S]}->[S];D{[S], квазиагент}
RD{[V]}->D{[NUM], предик};[V];D{[S], 1-компл}
D{[NUM], предик}->D{[NUM]}
D{[NUM]}->[NUM];D{[PR], электив}
D{[PR], электив}->D{[PR]}
D{[S]}->D{[PART], огранич};D{[PART], огранич};[S];D{[S], 1-компл}
RD{[V]}->D{[S], предик};[V];D{[V], 1-компл}
D{[V], 1-компл}->D{[V]}
RD{[ADV]}->[ADV];D{[S], обст}
D{[S], обст}->D{[S]}
D{[S]}->[S];D{[ADV], сочин}
D{[ADV], сочин}->D{[ADV]}
D{[ADV]}->[ADV];D{[CONJ], эксплет}
D{[CONJ], эксплет}->D{[CONJ]}
D{[V]}->D{[ADV], 2-компл};[V];D{[PR], 1-компл}
D{[ADV], 2-компл}->D{[ADV]}
D{[ADV]}->D{[ADV], огранич};[ADV]
D{[ADV], огранич}->[ADV]
D{[S]}->D{[A], опред};[S];D{[NID], квазиагент};D{[V], 1-компл}
D{[NID], квазиагент}->[NID]
D{[S]}->D{[A], опред};D{[A], опред};D{[A], опред};[S]
RD{[CONJ]}->[CONJ];D{[V], соч-союзн}
D{[V]}->D{[ADV], 2-компл};[V];D{[S], 1-компл}
D{[S]}->[S];D{[CONJ], эксплет}
D{[V]}->D{[S], предик};[V];D{[ADV], обст};D{[V], 1-компл}
D{[ADV], обст}->D{[ADV]}
D{[ADV]}->[ADV];D{[CONJ], сочин}
D{[CONJ]}->[CONJ];D{[ADV], соч-союзн}
D{[ADV], соч-союзн}->[ADV]
RD{[S]}->D{[S], предик};[S];D{[S], квазиагент}
D{[S]}->D{[S], пролепт};[S]
D{[S], пролепт}->D{[S]}
D{[S]}->D{[A], опред};[S];D{[S], сочин}
D{[S], сочин}->D{[S]}
D{[V]}->[V];D{[ADV], 3-компл}
D{[ADV], 3-компл}->[ADV]
D{[S]}->[S];D{[PR], релят}
D{[PR], релят}->D{[PR]}
D{[PR]}->[PR];D{[S], предл};D{[S], предик}
D{[S]}->[S];D{[A], квазиагент}
D{[A], квазиагент}->D{[A]}
D{[A]}->[A];D{[PR], электив}
D{[S]}->D{[NUM], количест};[S];D{[CONJ], сочин}
D{[S]}->D{[V], опред};[S]
D{[V], опред}->[V]
RD{[S]}->[S];D{[S], квазиагент}
RD{[V]}->D{[ADV], обст};D{[PR], 1-компл};[V];D{[S], предик}
D{[ADV]}->D{[ADV], огранич};D{[S], предл};[ADV]
D{[S]}->[S];D{[NUM], аппрокс-колич}
D{[NUM], аппрокс-колич}->D{[NUM]}
D{[NUM]}->[NUM];D{[NUM], кратн}
D{[NUM], кратн}->[NUM]
D{[S]}->D{[A], опред};[S];D{[V], опред}
D{[S]}->D{[NUM], количест};D{[A], опред};[S];D{[V], релят}
D{[V], релят}->D{[V]}
D{[V]}->D{[PR], 1-компл};[V];D{[S], предик}
D{[S]}->D{[NUM], количест};[S]
RD{[A]}->D{[NUM], количест};[A];D{[V], сочин}
D{[V]}->D{[NUM], количест};[V];D{[S], сочин}
D{[S]}->D{[A], опред};D{[A], опред};[S];D{[CONJ], сочин}
D{[S]}->D{[NUM], количест};[S];D{[S], квазиагент}
D{[S]}->D{[A], композ};[S]
D{[A], композ}->[A]
RD{[V]}->D{[PR], вводн};D{[PR], присвяз};[V];D{[S], предик}
D{[PR], вводн}->D{[PR]}
D{[PR], присвяз}->D{[PR]}
D{[S]}->D{[NUM], количест};D{[A], опред};D{[A], опред};[S]
D{[A]}->D{[NUM], количест};[A];D{[A], сочин}
D{[A], сочин}->D{[A]}
D{[A]}->D{[NUM], количест};[A]
D{[S]}->D{[NUM], количест};D{[A], опред};[S]
RD{[V]}->D{[S], предик};[V];D{[PR], 1-компл}
RD{[V]}->D{[PR], 1-компл};[V];D{[S], предик}
RD{[V]}->D{[S], 1-компл};[V];D{[S], предик}
D{[S]}->[S];D{[ADV], 1-компл}
D{[ADV], 1-компл}->[ADV]
D{[S]}->D{[A], опред};[S];D{[S], квазиагент};D{[A], опред}
D{[A]}->[A];D{[PR], 1-компл}
D{[S]}->[S];D{[S], 1-компл};D{[PR], атриб};D{[CONJ], сочин}
D{[S]}->[S];D{[S], 1-компл};D{[PR], атриб}
RD{[V]}->D{[S], вводн};D{[S], предик};[V];D{[S], 1-компл};D{[CONJ], сент-соч}
D{[S], вводн}->D{[S]}
D{[CONJ], сент-соч}->D{[CONJ]}
D{[V]}->D{[S], предик};[V];D{[PR], 2-компл}
D{[A]}->D{[PART], огранич};[A]
D{[S]}->D{[A], опред};D{[A], опред};[S];D{[S], квазиагент}
D{[S]}->D{[A], опред};D{[A], опред};[S];D{[S], 1-компл}
RD{[V]}->D{[S], предик};[V];D{[PR], 3-компл};D{[ADV], обст}
D{[PR], 3-компл}->D{[PR]}
D{[ADV]}->[ADV];D{[PR], 1-компл}
D{[S]}->[S];D{[S], сочин}
D{[S], сочин}->[S]
RD{[V]}->D{[S], предик};[V];D{[S], присвяз};D{[S], сент-соч}
D{[S], присвяз}->D{[S]}
D{[S]}->[S];D{[PR], 1-компл}
D{[S], сент-соч}->D{[S]}
D{[S]}->[S];D{[A], предик}
D{[A], предик}->D{[A]}
D{[A]}->D{[S], композ};[A]
RD{[V]}->D{[ADV], обст};D{[PR], 1-компл};D{[ADV], обст};[V];D{[S], предик}
D{[ADV], обст}->[ADV]
RD{[V]}->D{[ADV], обст};[V]
RD{[V]}->D{[S], предик};[V]
RD{[V]}->D{[PR], обст};D{[S], 1-компл};[V];D{[S], предик}
RD{[V]}->D{[S], предик};D{[ADV], обст};[V];D{[PR], 3-компл}
D{[S]}->D{[A], опред};D{[A], опред};D{[A], опред};[S];D{[CONJ], сочин}
RD{[V]}->[V];D{[PR], 1-компл}
RD{[A]}->D{[ADV], обст};D{[S], предик};D{[ADV], огранич};[A];D{[PR], 1-компл}
RD{[V]}->D{[A], присвяз};[V];D{[PR], предик}
D{[A], присвяз}->D{[A]}
D{[A]}->[A];D{[S], 1-компл}
D{[PR], предик}->D{[PR]}
D{[PR]}->[PR];D{[NUM], предл};D{[PR], соотнос}
D{[NUM], предл}->[NUM]
D{[PR], соотнос}->D{[PR]}
RD{[S]}->[S];D{[S], 1-компл}
RD{[V]}->D{[S], предик};[V];D{[PR], обст}
RD{[S]}->[S];D{[S], сочин}
D{[S]}->D{[A], опред};[S];D{[PR], атриб}
D{[V]}->D{[PR], обст};D{[ADV], 2-компл};[V];D{[S], предик}
D{[PR]}->D{[PART], огранич};[PR];D{[S], предл}
D{[A]}->D{[A], опред};[A]
D{[ADV], 2-компл}->[ADV]
RD{[A]}->D{[ADV], огранич};[A];D{[PR], обст};D{[S], предик}
D{[V]}->D{[V], предик};D{[PART], огранич};[V]
D{[V], предик}->D{[V]}
D{[V]}->D{[ADV], обст};D{[ADV], обст};[V];D{[PR], 1-компл}
RD{[V]}->D{[S], предик};[V];D{[S], 1-компл};D{[CONJ], сочин}
D{[V]}->[V];D{[V], 1-компл}
RD{[A]}->D{[S], предик};D{[ADV], огранич};[A];D{[V], сочин}
D{[V]}->D{[ADV], обст};[V];D{[S], 1-компл};D{[V], сочин}
RD{[V]}->D{[V], обст};D{[S], предик};[V];D{[A], присвяз}
D{[V]}->D{[PART], огранич};[V];D{[S], 1-компл}
D{[A]}->[A];D{[V], 1-компл}
D{[V]}->[V];D{[S], 1-компл};D{[PR], обст}
D{[S]}->[S];D{[PR], 3-компл}
D{[S]}->D{[A], опред};[S];D{[S], атриб}
RD{[S]}->D{[S], композ};[S];D{[S], квазиагент}
D{[A]}->D{[A], композ};[A]
RD{[V]}->D{[PR], обст};D{[ADV], огранич};[V];D{[S], предик}
D{[S]}->D{[A], опред};D{[A], опред};[S];D{[V], опред};D{[A], опред}
D{[V]}->[V];D{[PR], 2-компл}
D{[V]}->[V];D{[PR], обст}
D{[V]}->[V];D{[S], 1-компл};D{[ADV], обст}
D{[NUM], количест}->D{[NUM]}
D{[ADV], соч-союзн}->D{[ADV]}
D{[ADV]}->D{[PART], огранич};[ADV]
RD{[PR]}->D{[S], предик};[PR];D{[S], предл}
D{[S]}->D{[A], опред};D{[A], опред};[S];D{[S], разъяснит}
D{[S], разъяснит}->D{[S]}
D{[S]}->D{[S], предик};[S]
RD{[S]}->D{[PART], огранич};[S];D{[S], сочин}
D{[S]}->D{[PART], огранич};[S]
RD{[S]}->[S]
RD{[PR]}->D{[ADV], огранич};[PR];D{[S], предл}
D{[ADV], огранич}->D{[ADV]}
D{[ADV]}->D{[S], атриб};[ADV]
RD{[V]}->D{[S], предик};[V];D{[S], обст}
D{[S]}->[S];D{[PR], сочин}
D{[PR], сочин}->D{[PR]}
RD{[PR]}->D{[ADV], огранич};[PR];D{[S], предл};D{[S], предик}
RD{[CONJ]}->[CONJ];D{[A], соч-союзн}
D{[A], соч-союзн}->D{[A]}
D{[A]}->D{[S], предик};[A];D{[PR], 1-компл};D{[V], обст}
D{[V]}->D{[PART], огранич};[V];D{[PR], 3-компл}
RD{[V]}->D{[ADV], обст};D{[PR], 1-компл};D{[PR], вводн};[V];D{[S], предик}
RD{[V]}->D{[PART], огранич};[V];D{[CONJ], предик}
D{[CONJ], предик}->D{[CONJ]}
D{[V]}->D{[PR], 2-компл};[V];D{[NID], предик};D{[PR], 1-компл}
D{[NID], предик}->[NID]
D{[S]}->[S];D{[V], разъяснит}
D{[V], разъяснит}->D{[V]}
D{[V]}->D{[PR], обст};D{[PR], присвяз};[V];D{[S], предик}
D{[S]}->D{[NUM], количест};D{[A], опред};[S];D{[A], опред}
D{[S]}->D{[A], опред};[S];D{[NID], квазиагент}
D{[V]}->D{[PR], обст};D{[S], предик};D{[PART], огранич};[V];D{[CONJ], обст}
D{[PART], огранич}->D{[PART]}
D{[PART]}->D{[ADV], огранич};[PART]
D{[V]}->D{[PR], обст};D{[PART], огранич};[V];D{[S], предик}
RD{[S]}->D{[A], опред};[S];D{[V], релят};D{[S], предик};D{[PR], обст}
D{[V]}->D{[PR], обст};[V];D{[V], 1-компл};D{[S], предик}
D{[S]}->D{[A], опред};[S];D{[NUM], аппоз};D{[CONJ], сочин}
D{[NUM], аппоз}->[NUM]
D{[S]}->[S];D{[NUM], аппоз}
D{[S]}->[S];D{[S], атриб}
RD{[A]}->D{[S], предик};[A];D{[PR], обст}
D{[S]}->D{[ADV], огранич};[S];D{[S], 1-компл}
RD{[A]}->D{[PR], обст};D{[ADV], обст};D{[S], предик};[A];D{[V], 1-компл}
D{[V]}->[V];D{[ADV], 1-компл}
D{[ADV], 1-компл}->D{[ADV]}
D{[ADV]}->D{[PART], огранич};[ADV];D{[S], сравнит}
D{[S], сравнит}->D{[S]}
RD{[V]}->D{[PART], огранич};[V];D{[V], сочин}
D{[V]}->D{[ADV], огранич};[V]
RD{[A]}->D{[V], предик};[A]
D{[PR]}->[PR];D{[S], предл};D{[PR], сочин}
RD{[V]}->[V];D{[S], предик}
D{[S]}->D{[A], опред};[S];D{[CONJ], 1-компл}
D{[CONJ], 1-компл}->D{[CONJ]}
D{[V]}->D{[S], предик};[V];D{[ADV], обст};D{[S], 1-компл}
D{[V]}->[V];D{[S], 2-компл};D{[CONJ], сочин}
D{[S], 2-компл}->D{[S]}
RD{[V]}->D{[S], 2-компл};D{[PR], обст};D{[PART], огранич};[V]
D{[S], 2-компл}->[S]
RD{[V]}->D{[ADV], обст};D{[PR], обст};[V];D{[V], предик}
D{[S]}->[S];D{[S], квазиагент};D{[PR], 1-компл}
D{[S]}->[S];D{[CONJ], вводн}
D{[CONJ], вводн}->D{[CONJ]}
D{[CONJ]}->[CONJ];D{[PART], огранич};D{[PR], сравн-союзн}
D{[PR], сравн-союзн}->D{[PR]}
D{[V]}->[V];D{[ADV], 2-компл}
RD{[V]}->D{[PR], обст};D{[S], предик};D{[PR], вводн};D{[S], обст};[V];D{[S], 1-компл}
D{[S]}->D{[ADV], вводн};[S]
D{[ADV], вводн}->[ADV]
D{[S]}->D{[A], опред};D{[A], опред};D{[A], опред};[S];D{[S], 1-компл}
RD{[ADV]}->[ADV];D{[V], предик}
D{[V]}->[V];D{[CONJ], 1-компл}
D{[V]}->D{[ADV], обст};D{[ADV], обст};[V];D{[S], предик}
RD{[V]}->D{[PR], обст};D{[S], предик};[V];D{[S], 1-компл}
D{[S]}->D{[A], опред};D{[A], опред};[S];D{[S], аппоз}
RD{[V]}->D{[S], предик};D{[ADV], вводн};[V];D{[PR], обст}
D{[ADV], вводн}->D{[ADV]}
D{[ADV]}->[ADV];D{[V], предик}
D{[V]}->D{[PART], огранич};[V]
RD{[V]}->[V];D{[PART], огранич};D{[S], предик};D{[V], 1-компл}
D{[V]}->D{[ADV], обст};[V];D{[S], 1-компл}
RD{[V]}->D{[PR], 1-компл};D{[S], предик};[V];D{[S], 2-компл}
D{[PR]}->[PR];D{[ADV], предл}
D{[ADV], предл}->[ADV]
RD{[A]}->[A];D{[V], предик};D{[CONJ], сочин}
D{[CONJ]}->[CONJ];D{[A], соч-союзн}
D{[A]}->D{[ADV], огранич};[A];D{[V], предик}
D{[V], предик}->[V]
RD{[ADV]}->D{[ADV], огранич};[ADV];D{[V], предик}
D{[V]}->D{[S], предик};[V];D{[V], 1-компл}
D{[S]}->[S];D{[V], релят}
D{[S]}->[S];D{[PR], 2-компл}
D{[V]}->D{[S], обст};D{[ADV], огранич};[V];D{[S], 1-компл}
RD{[A]}->[A];D{[CONJ], предик}
D{[V]}->D{[S], 1-компл};D{[PR], обст};D{[PART], огранич};[V];D{[CONJ], сент-соч}
D{[S]}->[S];D{[NID], fictit}
D{[NID], fictit}->[NID]
D{[V]}->D{[S], 1-компл};D{[ADV], вводн};D{[S], предик};D{[PART], огранич};D{[PART], огранич};[V]
D{[ADV]}->[ADV];D{[S], сравнит}
D{[S], сравнит}->[S]
RD{[V]}->D{[PART], огранич};D{[S], предик};[V];D{[V], 1-компл};D{[V], сочин};D{[CONJ], сент-соч}
D{[V]}->D{[PART], огранич};[V];D{[S], 1-компл};D{[S], 2-компл}
D{[V]}->[V];D{[PART], огранич};D{[S], предик};D{[A], присвяз}
D{[A], присвяз}->[A]
RD{[ADV]}->D{[ADV], обст};D{[CONJ], вводн};[ADV];D{[V], предик}
D{[V]}->[V];D{[S], предик}
D{[V]}->[V];D{[ADV], 1-компл};D{[CONJ], обст}
D{[V]}->D{[S], предик};D{[PART], огранич};[V];D{[PR], 1-компл};D{[ADV], обст}
RD{[V]}->D{[S], предик};D{[ADV], обст};D{[S], 1-компл};[V];D{[PR], 3-компл};D{[V], обст}
D{[V]}->D{[PR], обст};[V];D{[S], присвяз}
D{[PART]}->D{[PART], огранич};[PART]
D{[PART]}->[PART];D{[PART], огранич}
D{[A]}->D{[S], предик};[A];D{[S], 1-компл}
D{[S], атриб}->D{[S]}
