D{[ADV], 1-компл}->[ADV]|D{[ADV]}
D{[ADV], 2-компл}->D{[ADV]}|[ADV]
D{[ADV], 3-компл}->[ADV]
D{[ADV], вводн}->[ADV]|D{[ADV]}
D{[ADV], обст}->D{[ADV]}|[ADV]
D{[ADV], огранич}->[ADV]|D{[ADV]}
D{[ADV], предл}->[ADV]
D{[ADV], соч-союзн}->[ADV]|D{[ADV]}
D{[ADV], сочин}->D{[ADV]}
D{[ADV]}->[ADV];D{[S], обст}|[ADV];D{[V], предик}|D{[ADV], огранич};[ADV];D{[V], предик}|D{[ADV], обст};D{[CONJ], вводн};[ADV];D{[V], предик}|[ADV];D{[CONJ], эксплет}|D{[ADV], огранич};[ADV]|[ADV];D{[CONJ], сочин}|D{[ADV], огранич};D{[S], предл};[ADV]|[ADV];D{[PR], 1-компл}|D{[PART], огранич};[ADV]|D{[S], атриб};[ADV]|D{[PART], огранич};[ADV];D{[S], сравнит}|[ADV];D{[V], предик}|[ADV];D{[S], сравнит}
D{[A], квазиагент}->D{[A]}
D{[A], композ}->[A]
D{[A], опред}->[A]|D{[A]}
D{[A], предик}->D{[A]}
D{[A], примыкат}->[A]
D{[A], присвяз}->D{[A]}|[A]
D{[A], соч-союзн}->D{[A]}
D{[A], сочин}->D{[A]}
D{[A]}->D{[NUM], количест};[A];D{[V], сочин}|D{[ADV], обст};D{[S], предик};D{[ADV], огранич};[A];D{[PR], 1-компл}|D{[ADV], огранич};[A];D{[PR], обст};D{[S], предик}|D{[S], предик};D{[ADV], огранич};[A];D{[V], сочин}|D{[S], предик};[A];D{[PR], обст}|D{[PR], обст};D{[ADV], обст};D{[S], предик};[A];D{[V], 1-компл}|D{[V], предик};[A]|[A];D{[V], предик};D{[CONJ], сочин}|[A];D{[CONJ], предик}|[A];D{[A], примыкат}|[A];D{[PR], электив}|D{[NUM], количест};[A];D{[A], сочин}|D{[NUM], количест};[A]|[A];D{[PR], 1-компл}|D{[PART], огранич};[A]|D{[S], композ};[A]|[A];D{[S], 1-компл}|D{[A], опред};[A]|[A];D{[V], 1-компл}|D{[A], композ};[A]|D{[S], предик};[A];D{[PR], 1-компл};D{[V], обст}|D{[ADV], огранич};[A];D{[V], предик}|D{[S], предик};[A];D{[S], 1-компл}
D{[CONJ], 1-компл}->D{[CONJ]}
D{[CONJ], вводн}->D{[CONJ]}
D{[CONJ], обст}->D{[CONJ]}
D{[CONJ], предик}->D{[CONJ]}
D{[CONJ], примыкат}->D{[CONJ]}
D{[CONJ], сент-соч}->D{[CONJ]}
D{[CONJ], сочин}->D{[CONJ]}
D{[CONJ], эксплет}->D{[CONJ]}
D{[CONJ]}->[CONJ];D{[V], соч-союзн}|[CONJ];D{[A], соч-союзн}|[CONJ];D{[V], сравн-союзн}|[CONJ];D{[V], соч-союзн}|[CONJ];D{[S], соч-союзн}|[CONJ];D{[V], подч-союзн}|[CONJ];D{[ADV], соч-союзн}|[CONJ];D{[PART], огранич};D{[PR], сравн-союзн}|[CONJ];D{[A], соч-союзн}
D{[NID], fictit}->[NID]
D{[NID], квазиагент}->[NID]
D{[NID], предик}->[NID]
D{[NID], примыкат}->[NID]
D{[NUM], аппоз}->[NUM]
D{[NUM], аппрокс-колич}->D{[NUM]}
D{[NUM], количест}->[NUM]|D{[NUM]}
D{[NUM], кратн}->[NUM]
D{[NUM], предик}->D{[NUM]}
D{[NUM], предл}->D{[NUM]}|[NUM]
D{[NUM]}->[NUM];D{[S], атриб}|[NUM];D{[PR], электив}|[NUM];D{[NUM], кратн}
D{[PART], огранич}->[PART]|D{[PART]}
D{[PART]}->D{[ADV], огранич};[PART]|D{[PART], огранич};[PART]|[PART];D{[PART], огранич}
D{[PR], 1-компл}->D{[PR]}
D{[PR], 2-компл}->D{[PR]}
D{[PR], 3-компл}->D{[PR]}
D{[PR], атриб}->D{[PR]}
D{[PR], вводн}->D{[PR]}
D{[PR], обст}->D{[PR]}
D{[PR], предик}->D{[PR]}
D{[PR], присвяз}->D{[PR]}
D{[PR], релят}->D{[PR]}
D{[PR], соотнос}->D{[PR]}
D{[PR], сочин}->D{[PR]}
D{[PR], сравн-союзн}->D{[PR]}
D{[PR], электив}->D{[PR]}
D{[PR]}->D{[S], предик};[PR];D{[S], предл}|D{[ADV], огранич};[PR];D{[S], предл}|D{[ADV], огранич};[PR];D{[S], предл};D{[S], предик}|[PR];D{[S], предл}|[PR];D{[NUM], предл}|[PR];D{[S], предл};D{[S], предик}|[PR];D{[NUM], предл};D{[PR], соотнос}|D{[PART], огранич};[PR];D{[S], предл}|[PR];D{[S], предл};D{[PR], сочин}|[PR];D{[ADV], предл}
D{[S], 1-компл}->D{[S]}|[S]
D{[S], 2-компл}->D{[S]}|[S]
D{[S], агент}->[S]
D{[S], аппоз}->D{[S]}|[S]
D{[S], атриб}->[S]|D{[S]}
D{[S], вводн}->D{[S]}
D{[S], квазиагент}->[S]|D{[S]}
D{[S], композ}->[S]
D{[S], обст}->D{[S]}
D{[S], предик}->D{[S]}|[S]
D{[S], предл}->D{[S]}|[S]
D{[S], присвяз}->D{[S]}
D{[S], пролепт}->D{[S]}
D{[S], разъяснит}->D{[S]}
D{[S], сент-соч}->D{[S]}
D{[S], соч-союзн}->D{[S]}|[S]
D{[S], сочин}->D{[S]}|[S]
D{[S], сравнит}->D{[S]}|[S]
D{[S]}->D{[S], предик};[S];D{[S], квазиагент}|[S];D{[S], квазиагент}|[S];D{[S], 1-компл}|[S];D{[S], сочин}|D{[S], композ};[S];D{[S], квазиагент}|D{[PART], огранич};[S];D{[S], сочин}|[S]|D{[A], опред};[S];D{[V], релят};D{[S], предик};D{[PR], обст}|D{[A], опред};D{[A], опред};[S];D{[NID], примыкат}|[S];D{[PR], атриб}|[S];D{[S], аппоз}|[S];D{[S], 1-компл}|[S];D{[CONJ], примыкат}|D{[A], опред};[S];D{[S], квазиагент}|[S];D{[CONJ], сочин}|D{[A], опред};[S]|[S];D{[S], квазиагент};D{[CONJ], сочин}|D{[A], опред};D{[S], композ};[S]|D{[A], опред};[S];D{[PR], 1-компл}|[S];D{[V], опред}|D{[NUM], количест};D{[A], опред};[S];D{[S], 1-компл};D{[V], опред}|D{[A], опред};D{[A], опред};[S]|D{[A], опред};[S];D{[S], 1-компл}|[S];D{[S], квазиагент}|D{[PART], огранич};D{[PART], огранич};[S];D{[S], 1-компл}|[S];D{[ADV], сочин}|D{[A], опред};[S];D{[NID], квазиагент};D{[V], 1-компл}|D{[A], опред};D{[A], опред};D{[A], опред};[S]|[S];D{[CONJ], эксплет}|D{[S], пролепт};[S]|D{[A], опред};[S];D{[S], сочин}|[S];D{[PR], релят}|[S];D{[A], квазиагент}|D{[NUM], количест};[S];D{[CONJ], сочин}|D{[V], опред};[S]|[S];D{[NUM], аппрокс-колич}|D{[A], опред};[S];D{[V], опред}|D{[NUM], количест};D{[A], опред};[S];D{[V], релят}|D{[NUM], количест};[S]|D{[A], опред};D{[A], опред};[S];D{[CONJ], сочин}|D{[NUM], количест};[S];D{[S], квазиагент}|D{[A], композ};[S]|D{[NUM], количест};D{[A], опред};D{[A], опред};[S]|D{[NUM], количест};D{[A], опред};[S]|[S];D{[ADV], 1-компл}|D{[A], опред};[S];D{[S], квазиагент};D{[A], опред}|[S];D{[S], 1-компл};D{[PR], атриб};D{[CONJ], сочин}|[S];D{[S], 1-компл};D{[PR], атриб}|D{[A], опред};D{[A], опред};[S];D{[S], квазиагент}|D{[A], опред};D{[A], опред};[S];D{[S], 1-компл}|[S];D{[S], сочин}|[S];D{[PR], 1-компл}|[S];D{[A], предик}|D{[A], опред};D{[A], опред};D{[A], опред};[S];D{[CONJ], сочин}|D{[A], опред};[S];D{[PR], атриб}|[S];D{[PR], 3-компл}|D{[A], опред};[S];D{[S], атриб}|D{[A], опред};D{[A], опред};[S];D{[V], опред};D{[A], опред}|D{[A], опред};D{[A], опред};[S];D{[S], разъяснит}|D{[S], предик};[S]|D{[PART], огранич};[S]|[S];D{[PR], сочин}|[S];D{[V], разъяснит}|D{[NUM], количест};D{[A], опред};[S];D{[A], опред}|D{[A], опред};[S];D{[NID], квазиагент}|D{[A], опред};[S];D{[NUM], аппоз};D{[CONJ], сочин}|[S];D{[NUM], аппоз}|[S];D{[S], атриб}|D{[ADV], огранич};[S];D{[S], 1-компл}|D{[A], опред};[S];D{[CONJ], 1-компл}|[S];D{[S], квазиагент};D{[PR], 1-компл}|[S];D{[CONJ], вводн}|D{[ADV], вводн};[S]|D{[A], опред};D{[A], опред};D{[A], опред};[S];D{[S], 1-компл}|D{[A], опред};D{[A], опред};[S];D{[S], аппоз}|[S];D{[V], релят}|[S];D{[PR], 2-компл}|[S];D{[NID], fictit}
D{[V], 1-компл}->D{[V]}
D{[V], обст}->D{[V]}
D{[V], опред}->D{[V]}|[V]
D{[V], подч-союзн}->D{[V]}
D{[V], предик}->D{[V]}|[V]
D{[V], разъяснит}->D{[V]}
D{[V], релят}->D{[V]}
D{[V], соч-союзн}->D{[V]}
D{[V], сочин}->D{[V]}
D{[V], сравн-союзн}->D{[V]}
D{[V]}->D{[S], предик};[V];D{[PR], 2-компл}|D{[V], обст};D{[S], предик};[V];D{[PR], 2-компл}|D{[PR], обст};D{[CONJ], обст};D{[S], предик};[V];D{[PR], 1-компл}|D{[S], предик};[V];D{[S], 1-компл};D{[V], сочин}|D{[NUM], предик};[V];D{[S], 1-компл}|D{[S], предик};[V];D{[V], 1-компл}|D{[ADV], обст};D{[PR], 1-компл};[V];D{[S], предик}|D{[PR], вводн};D{[PR], присвяз};[V];D{[S], предик}|D{[S], предик};[V];D{[PR], 1-компл}|D{[PR], 1-компл};[V];D{[S], предик}|D{[S], 1-компл};[V];D{[S], предик}|D{[S], вводн};D{[S], предик};[V];D{[S], 1-компл};D{[CONJ], сент-соч}|D{[S], предик};[V];D{[PR], 3-компл};D{[ADV], обст}|D{[S], предик};[V];D{[S], присвяз};D{[S], сент-соч}|D{[ADV], обст};D{[PR], 1-компл};D{[ADV], обст};[V];D{[S], предик}|D{[ADV], обст};[V]|D{[S], предик};[V]|D{[PR], обст};D{[S], 1-компл};[V];D{[S], предик}|D{[S], предик};D{[ADV], обст};[V];D{[PR], 3-компл}|[V];D{[PR], 1-компл}|D{[A], присвяз};[V];D{[PR], предик}|D{[S], предик};[V];D{[PR], обст}|D{[S], предик};[V];D{[S], 1-компл};D{[CONJ], сочин}|D{[V], обст};D{[S], предик};[V];D{[A], присвяз}|D{[PR], обст};D{[ADV], огранич};[V];D{[S], предик}|D{[S], предик};[V];D{[S], обст}|D{[ADV], обст};D{[PR], 1-компл};D{[PR], вводн};[V];D{[S], предик}|D{[PART], огранич};[V];D{[CONJ], предик}|D{[PART], огранич};[V];D{[V], сочин}|[V];D{[S], предик}|D{[S], 2-компл};D{[PR], обст};D{[PART], огранич};[V]|D{[ADV], обст};D{[PR], обст};[V];D{[V], предик}|D{[PR], обст};D{[S], предик};D{[PR], вводн};D{[S], обст};[V];D{[S], 1-компл}|D{[PR], обст};D{[S], предик};[V];D{[S], 1-компл}|D{[S], предик};D{[ADV], вводн};[V];D{[PR], обст}|[V];D{[PART], огранич};D{[S], предик};D{[V], 1-компл}|D{[PR], 1-компл};D{[S], предик};[V];D{[S], 2-компл}|D{[PART], огранич};D{[S], предик};[V];D{[V], 1-компл};D{[V], сочин};D{[CONJ], сент-соч}|D{[S], предик};D{[ADV], обст};D{[S], 1-компл};[V];D{[PR], 3-компл};D{[V], обст}|D{[S], предик};D{[PART], огранич};[V]|[V];D{[S], 1-компл};D{[CONJ], сочин}|[V];D{[S], 1-компл}|D{[S], предик};[V];D{[S], 1-компл}|[V];D{[PR], 1-компл}|[V];D{[S], агент}|D{[PR], обст};[V];D{[S], 1-компл};D{[PR], 2-компл}|D{[ADV], 2-компл};[V];D{[PR], 1-компл}|D{[ADV], 2-компл};[V];D{[S], 1-компл}|D{[S], предик};[V];D{[ADV], обст};D{[V], 1-компл}|[V];D{[ADV], 3-компл}|D{[PR], 1-компл};[V];D{[S], предик}|D{[NUM], количест};[V];D{[S], сочин}|D{[S], предик};[V];D{[PR], 2-компл}|D{[PR], обст};D{[ADV], 2-компл};[V];D{[S], предик}|D{[V], предик};D{[PART], огранич};[V]|D{[ADV], обст};D{[ADV], обст};[V];D{[PR], 1-компл}|[V];D{[V], 1-компл}|D{[ADV], обст};[V];D{[S], 1-компл};D{[V], сочин}|D{[PART], огранич};[V];D{[S], 1-компл}|[V];D{[S], 1-компл};D{[PR], обст}|[V];D{[PR], 2-компл}|[V];D{[PR], обст}|[V];D{[S], 1-компл};D{[ADV], обст}|D{[PART], огранич};[V];D{[PR], 3-компл}|D{[PR], 2-компл};[V];D{[NID], предик};D{[PR], 1-компл}|D{[PR], обст};D{[PR], присвяз};[V];D{[S], предик}|D{[PR], обст};D{[S], предик};D{[PART], огранич};[V];D{[CONJ], обст}|D{[PR], обст};D{[PART], огранич};[V];D{[S], предик}|D{[PR], обст};[V];D{[V], 1-компл};D{[S], предик}|[V];D{[ADV], 1-компл}|D{[ADV], огранич};[V]|D{[S], предик};[V];D{[ADV], обст};D{[S], 1-компл}|[V];D{[S], 2-компл};D{[CONJ], сочин}|[V];D{[ADV], 2-компл}|[V];D{[CONJ], 1-компл}|D{[ADV], обст};D{[ADV], обст};[V];D{[S], предик}|D{[PART], огранич};[V]|D{[ADV], обст};[V];D{[S], 1-компл}|D{[S], предик};[V];D{[V], 1-компл}|D{[S], обст};D{[ADV], огранич};[V];D{[S], 1-компл}|D{[S], 1-компл};D{[PR], обст};D{[PART], огранич};[V];D{[CONJ], сент-соч}|D{[S], 1-компл};D{[ADV], вводн};D{[S], предик};D{[PART], огранич};D{[PART], огранич};[V]|D{[PART], огранич};[V];D{[S], 1-компл};D{[S], 2-компл}|[V];D{[PART], огранич};D{[S], предик};D{[A], присвяз}|[V];D{[S], предик}|[V];D{[ADV], 1-компл};D{[CONJ], обст}|D{[S], предик};D{[PART], огранич};[V];D{[PR], 1-компл};D{[ADV], обст}|D{[PR], обст};[V];D{[S], присвяз}
